[2019-02-22 20:29:28] local.ERROR: Symfony\Component\Console\Exception\NamespaceNotFoundException: There are no commands defined in the "config" namespace. in C:\laragon\www\LecturasServiceApi\vendor\symfony\console\Application.php:578
Stack trace:
#0 C:\laragon\www\LecturasServiceApi\vendor\symfony\console\Application.php(618): Symfony\Component\Console\Application->findNamespace('config')
#1 C:\laragon\www\LecturasServiceApi\vendor\symfony\console\Application.php(226): Symfony\Component\Console\Application->find('config:clear')
#2 C:\laragon\www\LecturasServiceApi\vendor\symfony\console\Application.php(145): Symfony\Component\Console\Application->doRun(Object(Symfony\Component\Console\Input\ArgvInput), Object(Symfony\Component\Console\Output\ConsoleOutput))
#3 C:\laragon\www\LecturasServiceApi\vendor\illuminate\console\Application.php(89): Symfony\Component\Console\Application->run(Object(Symfony\Component\Console\Input\ArgvInput), Object(Symfony\Component\Console\Output\ConsoleOutput))
#4 C:\laragon\www\LecturasServiceApi\vendor\laravel\lumen-framework\src\Console\Kernel.php(115): Illuminate\Console\Application->run(Object(Symfony\Component\Console\Input\ArgvInput), Object(Symfony\Component\Console\Output\ConsoleOutput))
#5 C:\laragon\www\LecturasServiceApi\artisan(35): Laravel\Lumen\Console\Kernel->handle(Object(Symfony\Component\Console\Input\ArgvInput), Object(Symfony\Component\Console\Output\ConsoleOutput))
#6 {main} {"exception":"[object] (Symfony\\Component\\Console\\Exception\\NamespaceNotFoundException(code: 0): There are no commands defined in the \"config\" namespace. at C:\\laragon\\www\\LecturasServiceApi\\vendor\\symfony\\console\\Application.php:578)
[stacktrace]
#0 C:\\laragon\\www\\LecturasServiceApi\\vendor\\symfony\\console\\Application.php(618): Symfony\\Component\\Console\\Application->findNamespace('config')
#1 C:\\laragon\\www\\LecturasServiceApi\\vendor\\symfony\\console\\Application.php(226): Symfony\\Component\\Console\\Application->find('config:clear')
#2 C:\\laragon\\www\\LecturasServiceApi\\vendor\\symfony\\console\\Application.php(145): Symfony\\Component\\Console\\Application->doRun(Object(Symfony\\Component\\Console\\Input\\ArgvInput), Object(Symfony\\Component\\Console\\Output\\ConsoleOutput))
#3 C:\\laragon\\www\\LecturasServiceApi\\vendor\\illuminate\\console\\Application.php(89): Symfony\\Component\\Console\\Application->run(Object(Symfony\\Component\\Console\\Input\\ArgvInput), Object(Symfony\\Component\\Console\\Output\\ConsoleOutput))
#4 C:\\laragon\\www\\LecturasServiceApi\\vendor\\laravel\\lumen-framework\\src\\Console\\Kernel.php(115): Illuminate\\Console\\Application->run(Object(Symfony\\Component\\Console\\Input\\ArgvInput), Object(Symfony\\Component\\Console\\Output\\ConsoleOutput))
#5 C:\\laragon\\www\\LecturasServiceApi\\artisan(35): Laravel\\Lumen\\Console\\Kernel->handle(Object(Symfony\\Component\\Console\\Input\\ArgvInput), Object(Symfony\\Component\\Console\\Output\\ConsoleOutput))
#6 {main}
"} 
[2019-02-22 20:32:23] local.ERROR: Symfony\Component\Console\Exception\NamespaceNotFoundException: There are no commands defined in the "config" namespace. in C:\laragon\www\LecturasServiceApi\vendor\symfony\console\Application.php:578
Stack trace:
#0 C:\laragon\www\LecturasServiceApi\vendor\symfony\console\Application.php(618): Symfony\Component\Console\Application->findNamespace('config')
#1 C:\laragon\www\LecturasServiceApi\vendor\symfony\console\Application.php(226): Symfony\Component\Console\Application->find('config:cache')
#2 C:\laragon\www\LecturasServiceApi\vendor\symfony\console\Application.php(145): Symfony\Component\Console\Application->doRun(Object(Symfony\Component\Console\Input\ArgvInput), Object(Symfony\Component\Console\Output\ConsoleOutput))
#3 C:\laragon\www\LecturasServiceApi\vendor\illuminate\console\Application.php(89): Symfony\Component\Console\Application->run(Object(Symfony\Component\Console\Input\ArgvInput), Object(Symfony\Component\Console\Output\ConsoleOutput))
#4 C:\laragon\www\LecturasServiceApi\vendor\laravel\lumen-framework\src\Console\Kernel.php(115): Illuminate\Console\Application->run(Object(Symfony\Component\Console\Input\ArgvInput), Object(Symfony\Component\Console\Output\ConsoleOutput))
#5 C:\laragon\www\LecturasServiceApi\artisan(35): Laravel\Lumen\Console\Kernel->handle(Object(Symfony\Component\Console\Input\ArgvInput), Object(Symfony\Component\Console\Output\ConsoleOutput))
#6 {main} {"exception":"[object] (Symfony\\Component\\Console\\Exception\\NamespaceNotFoundException(code: 0): There are no commands defined in the \"config\" namespace. at C:\\laragon\\www\\LecturasServiceApi\\vendor\\symfony\\console\\Application.php:578)
[stacktrace]
#0 C:\\laragon\\www\\LecturasServiceApi\\vendor\\symfony\\console\\Application.php(618): Symfony\\Component\\Console\\Application->findNamespace('config')
#1 C:\\laragon\\www\\LecturasServiceApi\\vendor\\symfony\\console\\Application.php(226): Symfony\\Component\\Console\\Application->find('config:cache')
#2 C:\\laragon\\www\\LecturasServiceApi\\vendor\\symfony\\console\\Application.php(145): Symfony\\Component\\Console\\Application->doRun(Object(Symfony\\Component\\Console\\Input\\ArgvInput), Object(Symfony\\Component\\Console\\Output\\ConsoleOutput))
#3 C:\\laragon\\www\\LecturasServiceApi\\vendor\\illuminate\\console\\Application.php(89): Symfony\\Component\\Console\\Application->run(Object(Symfony\\Component\\Console\\Input\\ArgvInput), Object(Symfony\\Component\\Console\\Output\\ConsoleOutput))
#4 C:\\laragon\\www\\LecturasServiceApi\\vendor\\laravel\\lumen-framework\\src\\Console\\Kernel.php(115): Illuminate\\Console\\Application->run(Object(Symfony\\Component\\Console\\Input\\ArgvInput), Object(Symfony\\Component\\Console\\Output\\ConsoleOutput))
#5 C:\\laragon\\www\\LecturasServiceApi\\artisan(35): Laravel\\Lumen\\Console\\Kernel->handle(Object(Symfony\\Component\\Console\\Input\\ArgvInput), Object(Symfony\\Component\\Console\\Output\\ConsoleOutput))
#6 {main}
"} 
[2019-02-22 20:32:30] local.ERROR: Symfony\Component\Console\Exception\NamespaceNotFoundException: There are no commands defined in the "view" namespace. in C:\laragon\www\LecturasServiceApi\vendor\symfony\console\Application.php:578
Stack trace:
#0 C:\laragon\www\LecturasServiceApi\vendor\symfony\console\Application.php(618): Symfony\Component\Console\Application->findNamespace('view')
#1 C:\laragon\www\LecturasServiceApi\vendor\symfony\console\Application.php(226): Symfony\Component\Console\Application->find('view:clear')
#2 C:\laragon\www\LecturasServiceApi\vendor\symfony\console\Application.php(145): Symfony\Component\Console\Application->doRun(Object(Symfony\Component\Console\Input\ArgvInput), Object(Symfony\Component\Console\Output\ConsoleOutput))
#3 C:\laragon\www\LecturasServiceApi\vendor\illuminate\console\Application.php(89): Symfony\Component\Console\Application->run(Object(Symfony\Component\Console\Input\ArgvInput), Object(Symfony\Component\Console\Output\ConsoleOutput))
#4 C:\laragon\www\LecturasServiceApi\vendor\laravel\lumen-framework\src\Console\Kernel.php(115): Illuminate\Console\Application->run(Object(Symfony\Component\Console\Input\ArgvInput), Object(Symfony\Component\Console\Output\ConsoleOutput))
#5 C:\laragon\www\LecturasServiceApi\artisan(35): Laravel\Lumen\Console\Kernel->handle(Object(Symfony\Component\Console\Input\ArgvInput), Object(Symfony\Component\Console\Output\ConsoleOutput))
#6 {main} {"exception":"[object] (Symfony\\Component\\Console\\Exception\\NamespaceNotFoundException(code: 0): There are no commands defined in the \"view\" namespace. at C:\\laragon\\www\\LecturasServiceApi\\vendor\\symfony\\console\\Application.php:578)
[stacktrace]
#0 C:\\laragon\\www\\LecturasServiceApi\\vendor\\symfony\\console\\Application.php(618): Symfony\\Component\\Console\\Application->findNamespace('view')
#1 C:\\laragon\\www\\LecturasServiceApi\\vendor\\symfony\\console\\Application.php(226): Symfony\\Component\\Console\\Application->find('view:clear')
#2 C:\\laragon\\www\\LecturasServiceApi\\vendor\\symfony\\console\\Application.php(145): Symfony\\Component\\Console\\Application->doRun(Object(Symfony\\Component\\Console\\Input\\ArgvInput), Object(Symfony\\Component\\Console\\Output\\ConsoleOutput))
#3 C:\\laragon\\www\\LecturasServiceApi\\vendor\\illuminate\\console\\Application.php(89): Symfony\\Component\\Console\\Application->run(Object(Symfony\\Component\\Console\\Input\\ArgvInput), Object(Symfony\\Component\\Console\\Output\\ConsoleOutput))
#4 C:\\laragon\\www\\LecturasServiceApi\\vendor\\laravel\\lumen-framework\\src\\Console\\Kernel.php(115): Illuminate\\Console\\Application->run(Object(Symfony\\Component\\Console\\Input\\ArgvInput), Object(Symfony\\Component\\Console\\Output\\ConsoleOutput))
#5 C:\\laragon\\www\\LecturasServiceApi\\artisan(35): Laravel\\Lumen\\Console\\Kernel->handle(Object(Symfony\\Component\\Console\\Input\\ArgvInput), Object(Symfony\\Component\\Console\\Output\\ConsoleOutput))
#6 {main}
"} 
[2019-02-22 20:32:36] local.ERROR: Symfony\Component\Console\Exception\NamespaceNotFoundException: There are no commands defined in the "route" namespace. in C:\laragon\www\LecturasServiceApi\vendor\symfony\console\Application.php:578
Stack trace:
#0 C:\laragon\www\LecturasServiceApi\vendor\symfony\console\Application.php(618): Symfony\Component\Console\Application->findNamespace('route')
#1 C:\laragon\www\LecturasServiceApi\vendor\symfony\console\Application.php(226): Symfony\Component\Console\Application->find('route:cache')
#2 C:\laragon\www\LecturasServiceApi\vendor\symfony\console\Application.php(145): Symfony\Component\Console\Application->doRun(Object(Symfony\Component\Console\Input\ArgvInput), Object(Symfony\Component\Console\Output\ConsoleOutput))
#3 C:\laragon\www\LecturasServiceApi\vendor\illuminate\console\Application.php(89): Symfony\Component\Console\Application->run(Object(Symfony\Component\Console\Input\ArgvInput), Object(Symfony\Component\Console\Output\ConsoleOutput))
#4 C:\laragon\www\LecturasServiceApi\vendor\laravel\lumen-framework\src\Console\Kernel.php(115): Illuminate\Console\Application->run(Object(Symfony\Component\Console\Input\ArgvInput), Object(Symfony\Component\Console\Output\ConsoleOutput))
#5 C:\laragon\www\LecturasServiceApi\artisan(35): Laravel\Lumen\Console\Kernel->handle(Object(Symfony\Component\Console\Input\ArgvInput), Object(Symfony\Component\Console\Output\ConsoleOutput))
#6 {main} {"exception":"[object] (Symfony\\Component\\Console\\Exception\\NamespaceNotFoundException(code: 0): There are no commands defined in the \"route\" namespace. at C:\\laragon\\www\\LecturasServiceApi\\vendor\\symfony\\console\\Application.php:578)
[stacktrace]
#0 C:\\laragon\\www\\LecturasServiceApi\\vendor\\symfony\\console\\Application.php(618): Symfony\\Component\\Console\\Application->findNamespace('route')
#1 C:\\laragon\\www\\LecturasServiceApi\\vendor\\symfony\\console\\Application.php(226): Symfony\\Component\\Console\\Application->find('route:cache')
#2 C:\\laragon\\www\\LecturasServiceApi\\vendor\\symfony\\console\\Application.php(145): Symfony\\Component\\Console\\Application->doRun(Object(Symfony\\Component\\Console\\Input\\ArgvInput), Object(Symfony\\Component\\Console\\Output\\ConsoleOutput))
#3 C:\\laragon\\www\\LecturasServiceApi\\vendor\\illuminate\\console\\Application.php(89): Symfony\\Component\\Console\\Application->run(Object(Symfony\\Component\\Console\\Input\\ArgvInput), Object(Symfony\\Component\\Console\\Output\\ConsoleOutput))
#4 C:\\laragon\\www\\LecturasServiceApi\\vendor\\laravel\\lumen-framework\\src\\Console\\Kernel.php(115): Illuminate\\Console\\Application->run(Object(Symfony\\Component\\Console\\Input\\ArgvInput), Object(Symfony\\Component\\Console\\Output\\ConsoleOutput))
#5 C:\\laragon\\www\\LecturasServiceApi\\artisan(35): Laravel\\Lumen\\Console\\Kernel->handle(Object(Symfony\\Component\\Console\\Input\\ArgvInput), Object(Symfony\\Component\\Console\\Output\\ConsoleOutput))
#6 {main}
"} 
[2019-02-22 20:32:52] local.ERROR: Symfony\Component\Console\Exception\CommandNotFoundException: Command "optimize" is not defined. in C:\laragon\www\LecturasServiceApi\vendor\symfony\console\Application.php:632
Stack trace:
#0 C:\laragon\www\LecturasServiceApi\vendor\symfony\console\Application.php(226): Symfony\Component\Console\Application->find('optimize')
#1 C:\laragon\www\LecturasServiceApi\vendor\symfony\console\Application.php(145): Symfony\Component\Console\Application->doRun(Object(Symfony\Component\Console\Input\ArgvInput), Object(Symfony\Component\Console\Output\ConsoleOutput))
#2 C:\laragon\www\LecturasServiceApi\vendor\illuminate\console\Application.php(89): Symfony\Component\Console\Application->run(Object(Symfony\Component\Console\Input\ArgvInput), Object(Symfony\Component\Console\Output\ConsoleOutput))
#3 C:\laragon\www\LecturasServiceApi\vendor\laravel\lumen-framework\src\Console\Kernel.php(115): Illuminate\Console\Application->run(Object(Symfony\Component\Console\Input\ArgvInput), Object(Symfony\Component\Console\Output\ConsoleOutput))
#4 C:\laragon\www\LecturasServiceApi\artisan(35): Laravel\Lumen\Console\Kernel->handle(Object(Symfony\Component\Console\Input\ArgvInput), Object(Symfony\Component\Console\Output\ConsoleOutput))
#5 {main} {"exception":"[object] (Symfony\\Component\\Console\\Exception\\CommandNotFoundException(code: 0): Command \"optimize\" is not defined. at C:\\laragon\\www\\LecturasServiceApi\\vendor\\symfony\\console\\Application.php:632)
[stacktrace]
#0 C:\\laragon\\www\\LecturasServiceApi\\vendor\\symfony\\console\\Application.php(226): Symfony\\Component\\Console\\Application->find('optimize')
#1 C:\\laragon\\www\\LecturasServiceApi\\vendor\\symfony\\console\\Application.php(145): Symfony\\Component\\Console\\Application->doRun(Object(Symfony\\Component\\Console\\Input\\ArgvInput), Object(Symfony\\Component\\Console\\Output\\ConsoleOutput))
#2 C:\\laragon\\www\\LecturasServiceApi\\vendor\\illuminate\\console\\Application.php(89): Symfony\\Component\\Console\\Application->run(Object(Symfony\\Component\\Console\\Input\\ArgvInput), Object(Symfony\\Component\\Console\\Output\\ConsoleOutput))
#3 C:\\laragon\\www\\LecturasServiceApi\\vendor\\laravel\\lumen-framework\\src\\Console\\Kernel.php(115): Illuminate\\Console\\Application->run(Object(Symfony\\Component\\Console\\Input\\ArgvInput), Object(Symfony\\Component\\Console\\Output\\ConsoleOutput))
#4 C:\\laragon\\www\\LecturasServiceApi\\artisan(35): Laravel\\Lumen\\Console\\Kernel->handle(Object(Symfony\\Component\\Console\\Input\\ArgvInput), Object(Symfony\\Component\\Console\\Output\\ConsoleOutput))
#5 {main}
"} 
[2019-02-22 21:16:29] local.ERROR: Symfony\Component\Debug\Exception\FatalThrowableError: syntax error, unexpected end of file in C:\laragon\www\LecturasServiceApi\routes\web.php:18
Stack trace:
#0 [internal function]: {closure}(Object(Laravel\Lumen\Routing\Router))
#1 C:\laragon\www\LecturasServiceApi\vendor\laravel\lumen-framework\src\Routing\Router.php(62): call_user_func(Object(Closure), Object(Laravel\Lumen\Routing\Router))
#2 C:\laragon\www\LecturasServiceApi\bootstrap\app.php(100): Laravel\Lumen\Routing\Router->group(Array, Object(Closure))
#3 C:\laragon\www\LecturasServiceApi\public\index.php(14): require('C:\\laragon\\www\\...')
#4 {main} {"exception":"[object] (Symfony\\Component\\Debug\\Exception\\FatalThrowableError(code: 0): syntax error, unexpected end of file at C:\\laragon\\www\\LecturasServiceApi\outes\\web.php:18)
[stacktrace]
#0 [internal function]: {closure}(Object(Laravel\\Lumen\\Routing\\Router))
#1 C:\\laragon\\www\\LecturasServiceApi\\vendor\\laravel\\lumen-framework\\src\\Routing\\Router.php(62): call_user_func(Object(Closure), Object(Laravel\\Lumen\\Routing\\Router))
#2 C:\\laragon\\www\\LecturasServiceApi\\bootstrap\\app.php(100): Laravel\\Lumen\\Routing\\Router->group(Array, Object(Closure))
#3 C:\\laragon\\www\\LecturasServiceApi\\public\\index.php(14): require('C:\\\\laragon\\\\www\\\\...')
#4 {main}
"} 
[2019-02-22 23:03:24] local.ERROR: PDOException: SQLSTATE[HY000]: General error: 1364 Field 'idEmpresa' doesn't have a default value in C:\laragon\www\LecturasServiceApi\vendor\illuminate\database\Connection.php:458
Stack trace:
#0 C:\laragon\www\LecturasServiceApi\vendor\illuminate\database\Connection.php(458): PDOStatement->execute()
#1 C:\laragon\www\LecturasServiceApi\vendor\illuminate\database\Connection.php(657): Illuminate\Database\Connection->Illuminate\Database\{closure}('insert into `co...', Array)
#2 C:\laragon\www\LecturasServiceApi\vendor\illuminate\database\Connection.php(624): Illuminate\Database\Connection->runQueryCallback('insert into `co...', Array, Object(Closure))
#3 C:\laragon\www\LecturasServiceApi\vendor\illuminate\database\Connection.php(459): Illuminate\Database\Connection->run('insert into `co...', Array, Object(Closure))
#4 C:\laragon\www\LecturasServiceApi\vendor\illuminate\database\Connection.php(411): Illuminate\Database\Connection->statement('insert into `co...', Array)
#5 C:\laragon\www\LecturasServiceApi\vendor\illuminate\database\Query\Processors\Processor.php(32): Illuminate\Database\Connection->insert('insert into `co...', Array)
#6 C:\laragon\www\LecturasServiceApi\vendor\illuminate\database\Query\Builder.php(2628): Illuminate\Database\Query\Processors\Processor->processInsertGetId(Object(Illuminate\Database\Query\Builder), 'insert into `co...', Array, 'id')
#7 C:\laragon\www\LecturasServiceApi\vendor\illuminate\database\Eloquent\Builder.php(1318): Illuminate\Database\Query\Builder->insertGetId(Array, 'id')
#8 C:\laragon\www\LecturasServiceApi\vendor\illuminate\database\Eloquent\Model.php(823): Illuminate\Database\Eloquent\Builder->__call('insertGetId', Array)
#9 C:\laragon\www\LecturasServiceApi\vendor\illuminate\database\Eloquent\Model.php(788): Illuminate\Database\Eloquent\Model->insertAndSetId(Object(Illuminate\Database\Eloquent\Builder), Array)
#10 C:\laragon\www\LecturasServiceApi\vendor\illuminate\database\Eloquent\Model.php(651): Illuminate\Database\Eloquent\Model->performInsert(Object(Illuminate\Database\Eloquent\Builder))
#11 C:\laragon\www\LecturasServiceApi\vendor\illuminate\database\Eloquent\Builder.php(790): Illuminate\Database\Eloquent\Model->save()
#12 C:\laragon\www\LecturasServiceApi\vendor\illuminate\support\helpers.php(1027): Illuminate\Database\Eloquent\Builder->Illuminate\Database\Eloquent\{closure}(Object(App\Models\Configuracion))
#13 C:\laragon\www\LecturasServiceApi\vendor\illuminate\database\Eloquent\Builder.php(791): tap(Object(App\Models\Configuracion), Object(Closure))
#14 C:\laragon\www\LecturasServiceApi\vendor\illuminate\support\Traits\ForwardsCalls.php(23): Illuminate\Database\Eloquent\Builder->create(Array)
#15 C:\laragon\www\LecturasServiceApi\vendor\illuminate\database\Eloquent\Model.php(1608): Illuminate\Database\Eloquent\Model->forwardCallTo(Object(Illuminate\Database\Eloquent\Builder), 'create', Array)
#16 C:\laragon\www\LecturasServiceApi\vendor\illuminate\database\Eloquent\Model.php(1620): Illuminate\Database\Eloquent\Model->__call('create', Array)
#17 C:\laragon\www\LecturasServiceApi\app\Http\Controllers\Configuracion\ConfigController.php(29): Illuminate\Database\Eloquent\Model::__callStatic('create', Array)
#18 [internal function]: App\Http\Controllers\Configuracion\ConfigController->store(Object(Laravel\Lumen\Http\Request))
#19 C:\laragon\www\LecturasServiceApi\vendor\illuminate\container\BoundMethod.php(29): call_user_func_array(Array, Array)
#20 C:\laragon\www\LecturasServiceApi\vendor\illuminate\container\BoundMethod.php(87): Illuminate\Container\BoundMethod::Illuminate\Container\{closure}()
#21 C:\laragon\www\LecturasServiceApi\vendor\illuminate\container\BoundMethod.php(31): Illuminate\Container\BoundMethod::callBoundMethod(Object(Laravel\Lumen\Application), Array, Object(Closure))
#22 C:\laragon\www\LecturasServiceApi\vendor\illuminate\container\Container.php(572): Illuminate\Container\BoundMethod::call(Object(Laravel\Lumen\Application), Array, Array, NULL)
#23 C:\laragon\www\LecturasServiceApi\vendor\laravel\lumen-framework\src\Concerns\RoutesRequests.php(378): Illuminate\Container\Container->call(Array, Array)
#24 C:\laragon\www\LecturasServiceApi\vendor\laravel\lumen-framework\src\Concerns\RoutesRequests.php(344): Laravel\Lumen\Application->callControllerCallable(Array, Array)
#25 C:\laragon\www\LecturasServiceApi\vendor\laravel\lumen-framework\src\Concerns\RoutesRequests.php(318): Laravel\Lumen\Application->callLumenController(Object(App\Http\Controllers\Configuracion\ConfigController), 'store', Array)
#26 C:\laragon\www\LecturasServiceApi\vendor\laravel\lumen-framework\src\Concerns\RoutesRequests.php(280): Laravel\Lumen\Application->callControllerAction(Array)
#27 C:\laragon\www\LecturasServiceApi\vendor\laravel\lumen-framework\src\Concerns\RoutesRequests.php(265): Laravel\Lumen\Application->callActionOnArrayBasedRoute(Array)
#28 C:\laragon\www\LecturasServiceApi\vendor\laravel\lumen-framework\src\Concerns\RoutesRequests.php(165): Laravel\Lumen\Application->handleFoundRoute(Array)
#29 C:\laragon\www\LecturasServiceApi\vendor\laravel\lumen-framework\src\Concerns\RoutesRequests.php(418): Laravel\Lumen\Application->Laravel\Lumen\Concerns\{closure}(Object(Laravel\Lumen\Http\Request))
#30 C:\laragon\www\LecturasServiceApi\vendor\laravel\lumen-framework\src\Concerns\RoutesRequests.php(171): Laravel\Lumen\Application->sendThroughPipeline(Array, Object(Closure))
#31 C:\laragon\www\LecturasServiceApi\vendor\laravel\lumen-framework\src\Concerns\RoutesRequests.php(108): Laravel\Lumen\Application->dispatch(NULL)
#32 C:\laragon\www\LecturasServiceApi\public\index.php(28): Laravel\Lumen\Application->run()
#33 {main}

Next Illuminate\Database\QueryException: SQLSTATE[HY000]: General error: 1364 Field 'idEmpresa' doesn't have a default value (SQL: insert into `configuraciones` (`key`, `descripcion`, `estado`, `updated_at`, `created_at`) values (table, Empresa2, 1, 2019-02-22 23:03:24, 2019-02-22 23:03:24)) in C:\laragon\www\LecturasServiceApi\vendor\illuminate\database\Connection.php:664
Stack trace:
#0 C:\laragon\www\LecturasServiceApi\vendor\illuminate\database\Connection.php(624): Illuminate\Database\Connection->runQueryCallback('insert into `co...', Array, Object(Closure))
#1 C:\laragon\www\LecturasServiceApi\vendor\illuminate\database\Connection.php(459): Illuminate\Database\Connection->run('insert into `co...', Array, Object(Closure))
#2 C:\laragon\www\LecturasServiceApi\vendor\illuminate\database\Connection.php(411): Illuminate\Database\Connection->statement('insert into `co...', Array)
#3 C:\laragon\www\LecturasServiceApi\vendor\illuminate\database\Query\Processors\Processor.php(32): Illuminate\Database\Connection->insert('insert into `co...', Array)
#4 C:\laragon\www\LecturasServiceApi\vendor\illuminate\database\Query\Builder.php(2628): Illuminate\Database\Query\Processors\Processor->processInsertGetId(Object(Illuminate\Database\Query\Builder), 'insert into `co...', Array, 'id')
#5 C:\laragon\www\LecturasServiceApi\vendor\illuminate\database\Eloquent\Builder.php(1318): Illuminate\Database\Query\Builder->insertGetId(Array, 'id')
#6 C:\laragon\www\LecturasServiceApi\vendor\illuminate\database\Eloquent\Model.php(823): Illuminate\Database\Eloquent\Builder->__call('insertGetId', Array)
#7 C:\laragon\www\LecturasServiceApi\vendor\illuminate\database\Eloquent\Model.php(788): Illuminate\Database\Eloquent\Model->insertAndSetId(Object(Illuminate\Database\Eloquent\Builder), Array)
#8 C:\laragon\www\LecturasServiceApi\vendor\illuminate\database\Eloquent\Model.php(651): Illuminate\Database\Eloquent\Model->performInsert(Object(Illuminate\Database\Eloquent\Builder))
#9 C:\laragon\www\LecturasServiceApi\vendor\illuminate\database\Eloquent\Builder.php(790): Illuminate\Database\Eloquent\Model->save()
#10 C:\laragon\www\LecturasServiceApi\vendor\illuminate\support\helpers.php(1027): Illuminate\Database\Eloquent\Builder->Illuminate\Database\Eloquent\{closure}(Object(App\Models\Configuracion))
#11 C:\laragon\www\LecturasServiceApi\vendor\illuminate\database\Eloquent\Builder.php(791): tap(Object(App\Models\Configuracion), Object(Closure))
#12 C:\laragon\www\LecturasServiceApi\vendor\illuminate\support\Traits\ForwardsCalls.php(23): Illuminate\Database\Eloquent\Builder->create(Array)
#13 C:\laragon\www\LecturasServiceApi\vendor\illuminate\database\Eloquent\Model.php(1608): Illuminate\Database\Eloquent\Model->forwardCallTo(Object(Illuminate\Database\Eloquent\Builder), 'create', Array)
#14 C:\laragon\www\LecturasServiceApi\vendor\illuminate\database\Eloquent\Model.php(1620): Illuminate\Database\Eloquent\Model->__call('create', Array)
#15 C:\laragon\www\LecturasServiceApi\app\Http\Controllers\Configuracion\ConfigController.php(29): Illuminate\Database\Eloquent\Model::__callStatic('create', Array)
#16 [internal function]: App\Http\Controllers\Configuracion\ConfigController->store(Object(Laravel\Lumen\Http\Request))
#17 C:\laragon\www\LecturasServiceApi\vendor\illuminate\container\BoundMethod.php(29): call_user_func_array(Array, Array)
#18 C:\laragon\www\LecturasServiceApi\vendor\illuminate\container\BoundMethod.php(87): Illuminate\Container\BoundMethod::Illuminate\Container\{closure}()
#19 C:\laragon\www\LecturasServiceApi\vendor\illuminate\container\BoundMethod.php(31): Illuminate\Container\BoundMethod::callBoundMethod(Object(Laravel\Lumen\Application), Array, Object(Closure))
#20 C:\laragon\www\LecturasServiceApi\vendor\illuminate\container\Container.php(572): Illuminate\Container\BoundMethod::call(Object(Laravel\Lumen\Application), Array, Array, NULL)
#21 C:\laragon\www\LecturasServiceApi\vendor\laravel\lumen-framework\src\Concerns\RoutesRequests.php(378): Illuminate\Container\Container->call(Array, Array)
#22 C:\laragon\www\LecturasServiceApi\vendor\laravel\lumen-framework\src\Concerns\RoutesRequests.php(344): Laravel\Lumen\Application->callControllerCallable(Array, Array)
#23 C:\laragon\www\LecturasServiceApi\vendor\laravel\lumen-framework\src\Concerns\RoutesRequests.php(318): Laravel\Lumen\Application->callLumenController(Object(App\Http\Controllers\Configuracion\ConfigController), 'store', Array)
#24 C:\laragon\www\LecturasServiceApi\vendor\laravel\lumen-framework\src\Concerns\RoutesRequests.php(280): Laravel\Lumen\Application->callControllerAction(Array)
#25 C:\laragon\www\LecturasServiceApi\vendor\laravel\lumen-framework\src\Concerns\RoutesRequests.php(265): Laravel\Lumen\Application->callActionOnArrayBasedRoute(Array)
#26 C:\laragon\www\LecturasServiceApi\vendor\laravel\lumen-framework\src\Concerns\RoutesRequests.php(165): Laravel\Lumen\Application->handleFoundRoute(Array)
#27 C:\laragon\www\LecturasServiceApi\vendor\laravel\lumen-framework\src\Concerns\RoutesRequests.php(418): Laravel\Lumen\Application->Laravel\Lumen\Concerns\{closure}(Object(Laravel\Lumen\Http\Request))
#28 C:\laragon\www\LecturasServiceApi\vendor\laravel\lumen-framework\src\Concerns\RoutesRequests.php(171): Laravel\Lumen\Application->sendThroughPipeline(Array, Object(Closure))
#29 C:\laragon\www\LecturasServiceApi\vendor\laravel\lumen-framework\src\Concerns\RoutesRequests.php(108): Laravel\Lumen\Application->dispatch(NULL)
#30 C:\laragon\www\LecturasServiceApi\public\index.php(28): Laravel\Lumen\Application->run()
#31 {main} {"exception":"[object] (Illuminate\\Database\\QueryException(code: HY000): SQLSTATE[HY000]: General error: 1364 Field 'idEmpresa' doesn't have a default value (SQL: insert into `configuraciones` (`key`, `descripcion`, `estado`, `updated_at`, `created_at`) values (table, Empresa2, 1, 2019-02-22 23:03:24, 2019-02-22 23:03:24)) at C:\\laragon\\www\\LecturasServiceApi\\vendor\\illuminate\\database\\Connection.php:664, PDOException(code: HY000): SQLSTATE[HY000]: General error: 1364 Field 'idEmpresa' doesn't have a default value at C:\\laragon\\www\\LecturasServiceApi\\vendor\\illuminate\\database\\Connection.php:458)
[stacktrace]
#0 C:\\laragon\\www\\LecturasServiceApi\\vendor\\illuminate\\database\\Connection.php(624): Illuminate\\Database\\Connection->runQueryCallback('insert into `co...', Array, Object(Closure))
#1 C:\\laragon\\www\\LecturasServiceApi\\vendor\\illuminate\\database\\Connection.php(459): Illuminate\\Database\\Connection->run('insert into `co...', Array, Object(Closure))
#2 C:\\laragon\\www\\LecturasServiceApi\\vendor\\illuminate\\database\\Connection.php(411): Illuminate\\Database\\Connection->statement('insert into `co...', Array)
#3 C:\\laragon\\www\\LecturasServiceApi\\vendor\\illuminate\\database\\Query\\Processors\\Processor.php(32): Illuminate\\Database\\Connection->insert('insert into `co...', Array)
#4 C:\\laragon\\www\\LecturasServiceApi\\vendor\\illuminate\\database\\Query\\Builder.php(2628): Illuminate\\Database\\Query\\Processors\\Processor->processInsertGetId(Object(Illuminate\\Database\\Query\\Builder), 'insert into `co...', Array, 'id')
#5 C:\\laragon\\www\\LecturasServiceApi\\vendor\\illuminate\\database\\Eloquent\\Builder.php(1318): Illuminate\\Database\\Query\\Builder->insertGetId(Array, 'id')
#6 C:\\laragon\\www\\LecturasServiceApi\\vendor\\illuminate\\database\\Eloquent\\Model.php(823): Illuminate\\Database\\Eloquent\\Builder->__call('insertGetId', Array)
#7 C:\\laragon\\www\\LecturasServiceApi\\vendor\\illuminate\\database\\Eloquent\\Model.php(788): Illuminate\\Database\\Eloquent\\Model->insertAndSetId(Object(Illuminate\\Database\\Eloquent\\Builder), Array)
#8 C:\\laragon\\www\\LecturasServiceApi\\vendor\\illuminate\\database\\Eloquent\\Model.php(651): Illuminate\\Database\\Eloquent\\Model->performInsert(Object(Illuminate\\Database\\Eloquent\\Builder))
#9 C:\\laragon\\www\\LecturasServiceApi\\vendor\\illuminate\\database\\Eloquent\\Builder.php(790): Illuminate\\Database\\Eloquent\\Model->save()
#10 C:\\laragon\\www\\LecturasServiceApi\\vendor\\illuminate\\support\\helpers.php(1027): Illuminate\\Database\\Eloquent\\Builder->Illuminate\\Database\\Eloquent\\{closure}(Object(App\\Models\\Configuracion))
#11 C:\\laragon\\www\\LecturasServiceApi\\vendor\\illuminate\\database\\Eloquent\\Builder.php(791): tap(Object(App\\Models\\Configuracion), Object(Closure))
#12 C:\\laragon\\www\\LecturasServiceApi\\vendor\\illuminate\\support\\Traits\\ForwardsCalls.php(23): Illuminate\\Database\\Eloquent\\Builder->create(Array)
#13 C:\\laragon\\www\\LecturasServiceApi\\vendor\\illuminate\\database\\Eloquent\\Model.php(1608): Illuminate\\Database\\Eloquent\\Model->forwardCallTo(Object(Illuminate\\Database\\Eloquent\\Builder), 'create', Array)
#14 C:\\laragon\\www\\LecturasServiceApi\\vendor\\illuminate\\database\\Eloquent\\Model.php(1620): Illuminate\\Database\\Eloquent\\Model->__call('create', Array)
#15 C:\\laragon\\www\\LecturasServiceApi\\app\\Http\\Controllers\\Configuracion\\ConfigController.php(29): Illuminate\\Database\\Eloquent\\Model::__callStatic('create', Array)
#16 [internal function]: App\\Http\\Controllers\\Configuracion\\ConfigController->store(Object(Laravel\\Lumen\\Http\\Request))
#17 C:\\laragon\\www\\LecturasServiceApi\\vendor\\illuminate\\container\\BoundMethod.php(29): call_user_func_array(Array, Array)
#18 C:\\laragon\\www\\LecturasServiceApi\\vendor\\illuminate\\container\\BoundMethod.php(87): Illuminate\\Container\\BoundMethod::Illuminate\\Container\\{closure}()
#19 C:\\laragon\\www\\LecturasServiceApi\\vendor\\illuminate\\container\\BoundMethod.php(31): Illuminate\\Container\\BoundMethod::callBoundMethod(Object(Laravel\\Lumen\\Application), Array, Object(Closure))
#20 C:\\laragon\\www\\LecturasServiceApi\\vendor\\illuminate\\container\\Container.php(572): Illuminate\\Container\\BoundMethod::call(Object(Laravel\\Lumen\\Application), Array, Array, NULL)
#21 C:\\laragon\\www\\LecturasServiceApi\\vendor\\laravel\\lumen-framework\\src\\Concerns\\RoutesRequests.php(378): Illuminate\\Container\\Container->call(Array, Array)
#22 C:\\laragon\\www\\LecturasServiceApi\\vendor\\laravel\\lumen-framework\\src\\Concerns\\RoutesRequests.php(344): Laravel\\Lumen\\Application->callControllerCallable(Array, Array)
#23 C:\\laragon\\www\\LecturasServiceApi\\vendor\\laravel\\lumen-framework\\src\\Concerns\\RoutesRequests.php(318): Laravel\\Lumen\\Application->callLumenController(Object(App\\Http\\Controllers\\Configuracion\\ConfigController), 'store', Array)
#24 C:\\laragon\\www\\LecturasServiceApi\\vendor\\laravel\\lumen-framework\\src\\Concerns\\RoutesRequests.php(280): Laravel\\Lumen\\Application->callControllerAction(Array)
#25 C:\\laragon\\www\\LecturasServiceApi\\vendor\\laravel\\lumen-framework\\src\\Concerns\\RoutesRequests.php(265): Laravel\\Lumen\\Application->callActionOnArrayBasedRoute(Array)
#26 C:\\laragon\\www\\LecturasServiceApi\\vendor\\laravel\\lumen-framework\\src\\Concerns\\RoutesRequests.php(165): Laravel\\Lumen\\Application->handleFoundRoute(Array)
#27 C:\\laragon\\www\\LecturasServiceApi\\vendor\\laravel\\lumen-framework\\src\\Concerns\\RoutesRequests.php(418): Laravel\\Lumen\\Application->Laravel\\Lumen\\Concerns\\{closure}(Object(Laravel\\Lumen\\Http\\Request))
#28 C:\\laragon\\www\\LecturasServiceApi\\vendor\\laravel\\lumen-framework\\src\\Concerns\\RoutesRequests.php(171): Laravel\\Lumen\\Application->sendThroughPipeline(Array, Object(Closure))
#29 C:\\laragon\\www\\LecturasServiceApi\\vendor\\laravel\\lumen-framework\\src\\Concerns\\RoutesRequests.php(108): Laravel\\Lumen\\Application->dispatch(NULL)
#30 C:\\laragon\\www\\LecturasServiceApi\\public\\index.php(28): Laravel\\Lumen\\Application->run()
#31 {main}
"} 
[2019-02-22 23:04:23] local.ERROR: PDOException: SQLSTATE[HY000]: General error: 1364 Field 'idEmpresa' doesn't have a default value in C:\laragon\www\LecturasServiceApi\vendor\illuminate\database\Connection.php:458
Stack trace:
#0 C:\laragon\www\LecturasServiceApi\vendor\illuminate\database\Connection.php(458): PDOStatement->execute()
#1 C:\laragon\www\LecturasServiceApi\vendor\illuminate\database\Connection.php(657): Illuminate\Database\Connection->Illuminate\Database\{closure}('insert into `co...', Array)
#2 C:\laragon\www\LecturasServiceApi\vendor\illuminate\database\Connection.php(624): Illuminate\Database\Connection->runQueryCallback('insert into `co...', Array, Object(Closure))
#3 C:\laragon\www\LecturasServiceApi\vendor\illuminate\database\Connection.php(459): Illuminate\Database\Connection->run('insert into `co...', Array, Object(Closure))
#4 C:\laragon\www\LecturasServiceApi\vendor\illuminate\database\Connection.php(411): Illuminate\Database\Connection->statement('insert into `co...', Array)
#5 C:\laragon\www\LecturasServiceApi\vendor\illuminate\database\Query\Processors\Processor.php(32): Illuminate\Database\Connection->insert('insert into `co...', Array)
#6 C:\laragon\www\LecturasServiceApi\vendor\illuminate\database\Query\Builder.php(2628): Illuminate\Database\Query\Processors\Processor->processInsertGetId(Object(Illuminate\Database\Query\Builder), 'insert into `co...', Array, 'id')
#7 C:\laragon\www\LecturasServiceApi\vendor\illuminate\database\Eloquent\Builder.php(1318): Illuminate\Database\Query\Builder->insertGetId(Array, 'id')
#8 C:\laragon\www\LecturasServiceApi\vendor\illuminate\database\Eloquent\Model.php(823): Illuminate\Database\Eloquent\Builder->__call('insertGetId', Array)
#9 C:\laragon\www\LecturasServiceApi\vendor\illuminate\database\Eloquent\Model.php(788): Illuminate\Database\Eloquent\Model->insertAndSetId(Object(Illuminate\Database\Eloquent\Builder), Array)
#10 C:\laragon\www\LecturasServiceApi\vendor\illuminate\database\Eloquent\Model.php(651): Illuminate\Database\Eloquent\Model->performInsert(Object(Illuminate\Database\Eloquent\Builder))
#11 C:\laragon\www\LecturasServiceApi\vendor\illuminate\database\Eloquent\Builder.php(790): Illuminate\Database\Eloquent\Model->save()
#12 C:\laragon\www\LecturasServiceApi\vendor\illuminate\support\helpers.php(1027): Illuminate\Database\Eloquent\Builder->Illuminate\Database\Eloquent\{closure}(Object(App\Models\Configuracion))
#13 C:\laragon\www\LecturasServiceApi\vendor\illuminate\database\Eloquent\Builder.php(791): tap(Object(App\Models\Configuracion), Object(Closure))
#14 C:\laragon\www\LecturasServiceApi\vendor\illuminate\support\Traits\ForwardsCalls.php(23): Illuminate\Database\Eloquent\Builder->create(Array)
#15 C:\laragon\www\LecturasServiceApi\vendor\illuminate\database\Eloquent\Model.php(1608): Illuminate\Database\Eloquent\Model->forwardCallTo(Object(Illuminate\Database\Eloquent\Builder), 'create', Array)
#16 C:\laragon\www\LecturasServiceApi\vendor\illuminate\database\Eloquent\Model.php(1620): Illuminate\Database\Eloquent\Model->__call('create', Array)
#17 C:\laragon\www\LecturasServiceApi\app\Http\Controllers\Configuracion\ConfigController.php(29): Illuminate\Database\Eloquent\Model::__callStatic('create', Array)
#18 [internal function]: App\Http\Controllers\Configuracion\ConfigController->store(Object(Laravel\Lumen\Http\Request))
#19 C:\laragon\www\LecturasServiceApi\vendor\illuminate\container\BoundMethod.php(29): call_user_func_array(Array, Array)
#20 C:\laragon\www\LecturasServiceApi\vendor\illuminate\container\BoundMethod.php(87): Illuminate\Container\BoundMethod::Illuminate\Container\{closure}()
#21 C:\laragon\www\LecturasServiceApi\vendor\illuminate\container\BoundMethod.php(31): Illuminate\Container\BoundMethod::callBoundMethod(Object(Laravel\Lumen\Application), Array, Object(Closure))
#22 C:\laragon\www\LecturasServiceApi\vendor\illuminate\container\Container.php(572): Illuminate\Container\BoundMethod::call(Object(Laravel\Lumen\Application), Array, Array, NULL)
#23 C:\laragon\www\LecturasServiceApi\vendor\laravel\lumen-framework\src\Concerns\RoutesRequests.php(378): Illuminate\Container\Container->call(Array, Array)
#24 C:\laragon\www\LecturasServiceApi\vendor\laravel\lumen-framework\src\Concerns\RoutesRequests.php(344): Laravel\Lumen\Application->callControllerCallable(Array, Array)
#25 C:\laragon\www\LecturasServiceApi\vendor\laravel\lumen-framework\src\Concerns\RoutesRequests.php(318): Laravel\Lumen\Application->callLumenController(Object(App\Http\Controllers\Configuracion\ConfigController), 'store', Array)
#26 C:\laragon\www\LecturasServiceApi\vendor\laravel\lumen-framework\src\Concerns\RoutesRequests.php(280): Laravel\Lumen\Application->callControllerAction(Array)
#27 C:\laragon\www\LecturasServiceApi\vendor\laravel\lumen-framework\src\Concerns\RoutesRequests.php(265): Laravel\Lumen\Application->callActionOnArrayBasedRoute(Array)
#28 C:\laragon\www\LecturasServiceApi\vendor\laravel\lumen-framework\src\Concerns\RoutesRequests.php(165): Laravel\Lumen\Application->handleFoundRoute(Array)
#29 C:\laragon\www\LecturasServiceApi\vendor\laravel\lumen-framework\src\Concerns\RoutesRequests.php(418): Laravel\Lumen\Application->Laravel\Lumen\Concerns\{closure}(Object(Laravel\Lumen\Http\Request))
#30 C:\laragon\www\LecturasServiceApi\vendor\laravel\lumen-framework\src\Concerns\RoutesRequests.php(171): Laravel\Lumen\Application->sendThroughPipeline(Array, Object(Closure))
#31 C:\laragon\www\LecturasServiceApi\vendor\laravel\lumen-framework\src\Concerns\RoutesRequests.php(108): Laravel\Lumen\Application->dispatch(NULL)
#32 C:\laragon\www\LecturasServiceApi\public\index.php(28): Laravel\Lumen\Application->run()
#33 {main}

Next Illuminate\Database\QueryException: SQLSTATE[HY000]: General error: 1364 Field 'idEmpresa' doesn't have a default value (SQL: insert into `configuraciones` (`key`, `descripcion`, `estado`, `updated_at`, `created_at`) values (table, Empresa2, 1, 2019-02-22 23:04:23, 2019-02-22 23:04:23)) in C:\laragon\www\LecturasServiceApi\vendor\illuminate\database\Connection.php:664
Stack trace:
#0 C:\laragon\www\LecturasServiceApi\vendor\illuminate\database\Connection.php(624): Illuminate\Database\Connection->runQueryCallback('insert into `co...', Array, Object(Closure))
#1 C:\laragon\www\LecturasServiceApi\vendor\illuminate\database\Connection.php(459): Illuminate\Database\Connection->run('insert into `co...', Array, Object(Closure))
#2 C:\laragon\www\LecturasServiceApi\vendor\illuminate\database\Connection.php(411): Illuminate\Database\Connection->statement('insert into `co...', Array)
#3 C:\laragon\www\LecturasServiceApi\vendor\illuminate\database\Query\Processors\Processor.php(32): Illuminate\Database\Connection->insert('insert into `co...', Array)
#4 C:\laragon\www\LecturasServiceApi\vendor\illuminate\database\Query\Builder.php(2628): Illuminate\Database\Query\Processors\Processor->processInsertGetId(Object(Illuminate\Database\Query\Builder), 'insert into `co...', Array, 'id')
#5 C:\laragon\www\LecturasServiceApi\vendor\illuminate\database\Eloquent\Builder.php(1318): Illuminate\Database\Query\Builder->insertGetId(Array, 'id')
#6 C:\laragon\www\LecturasServiceApi\vendor\illuminate\database\Eloquent\Model.php(823): Illuminate\Database\Eloquent\Builder->__call('insertGetId', Array)
#7 C:\laragon\www\LecturasServiceApi\vendor\illuminate\database\Eloquent\Model.php(788): Illuminate\Database\Eloquent\Model->insertAndSetId(Object(Illuminate\Database\Eloquent\Builder), Array)
#8 C:\laragon\www\LecturasServiceApi\vendor\illuminate\database\Eloquent\Model.php(651): Illuminate\Database\Eloquent\Model->performInsert(Object(Illuminate\Database\Eloquent\Builder))
#9 C:\laragon\www\LecturasServiceApi\vendor\illuminate\database\Eloquent\Builder.php(790): Illuminate\Database\Eloquent\Model->save()
#10 C:\laragon\www\LecturasServiceApi\vendor\illuminate\support\helpers.php(1027): Illuminate\Database\Eloquent\Builder->Illuminate\Database\Eloquent\{closure}(Object(App\Models\Configuracion))
#11 C:\laragon\www\LecturasServiceApi\vendor\illuminate\database\Eloquent\Builder.php(791): tap(Object(App\Models\Configuracion), Object(Closure))
#12 C:\laragon\www\LecturasServiceApi\vendor\illuminate\support\Traits\ForwardsCalls.php(23): Illuminate\Database\Eloquent\Builder->create(Array)
#13 C:\laragon\www\LecturasServiceApi\vendor\illuminate\database\Eloquent\Model.php(1608): Illuminate\Database\Eloquent\Model->forwardCallTo(Object(Illuminate\Database\Eloquent\Builder), 'create', Array)
#14 C:\laragon\www\LecturasServiceApi\vendor\illuminate\database\Eloquent\Model.php(1620): Illuminate\Database\Eloquent\Model->__call('create', Array)
#15 C:\laragon\www\LecturasServiceApi\app\Http\Controllers\Configuracion\ConfigController.php(29): Illuminate\Database\Eloquent\Model::__callStatic('create', Array)
#16 [internal function]: App\Http\Controllers\Configuracion\ConfigController->store(Object(Laravel\Lumen\Http\Request))
#17 C:\laragon\www\LecturasServiceApi\vendor\illuminate\container\BoundMethod.php(29): call_user_func_array(Array, Array)
#18 C:\laragon\www\LecturasServiceApi\vendor\illuminate\container\BoundMethod.php(87): Illuminate\Container\BoundMethod::Illuminate\Container\{closure}()
#19 C:\laragon\www\LecturasServiceApi\vendor\illuminate\container\BoundMethod.php(31): Illuminate\Container\BoundMethod::callBoundMethod(Object(Laravel\Lumen\Application), Array, Object(Closure))
#20 C:\laragon\www\LecturasServiceApi\vendor\illuminate\container\Container.php(572): Illuminate\Container\BoundMethod::call(Object(Laravel\Lumen\Application), Array, Array, NULL)
#21 C:\laragon\www\LecturasServiceApi\vendor\laravel\lumen-framework\src\Concerns\RoutesRequests.php(378): Illuminate\Container\Container->call(Array, Array)
#22 C:\laragon\www\LecturasServiceApi\vendor\laravel\lumen-framework\src\Concerns\RoutesRequests.php(344): Laravel\Lumen\Application->callControllerCallable(Array, Array)
#23 C:\laragon\www\LecturasServiceApi\vendor\laravel\lumen-framework\src\Concerns\RoutesRequests.php(318): Laravel\Lumen\Application->callLumenController(Object(App\Http\Controllers\Configuracion\ConfigController), 'store', Array)
#24 C:\laragon\www\LecturasServiceApi\vendor\laravel\lumen-framework\src\Concerns\RoutesRequests.php(280): Laravel\Lumen\Application->callControllerAction(Array)
#25 C:\laragon\www\LecturasServiceApi\vendor\laravel\lumen-framework\src\Concerns\RoutesRequests.php(265): Laravel\Lumen\Application->callActionOnArrayBasedRoute(Array)
#26 C:\laragon\www\LecturasServiceApi\vendor\laravel\lumen-framework\src\Concerns\RoutesRequests.php(165): Laravel\Lumen\Application->handleFoundRoute(Array)
#27 C:\laragon\www\LecturasServiceApi\vendor\laravel\lumen-framework\src\Concerns\RoutesRequests.php(418): Laravel\Lumen\Application->Laravel\Lumen\Concerns\{closure}(Object(Laravel\Lumen\Http\Request))
#28 C:\laragon\www\LecturasServiceApi\vendor\laravel\lumen-framework\src\Concerns\RoutesRequests.php(171): Laravel\Lumen\Application->sendThroughPipeline(Array, Object(Closure))
#29 C:\laragon\www\LecturasServiceApi\vendor\laravel\lumen-framework\src\Concerns\RoutesRequests.php(108): Laravel\Lumen\Application->dispatch(NULL)
#30 C:\laragon\www\LecturasServiceApi\public\index.php(28): Laravel\Lumen\Application->run()
#31 {main} {"exception":"[object] (Illuminate\\Database\\QueryException(code: HY000): SQLSTATE[HY000]: General error: 1364 Field 'idEmpresa' doesn't have a default value (SQL: insert into `configuraciones` (`key`, `descripcion`, `estado`, `updated_at`, `created_at`) values (table, Empresa2, 1, 2019-02-22 23:04:23, 2019-02-22 23:04:23)) at C:\\laragon\\www\\LecturasServiceApi\\vendor\\illuminate\\database\\Connection.php:664, PDOException(code: HY000): SQLSTATE[HY000]: General error: 1364 Field 'idEmpresa' doesn't have a default value at C:\\laragon\\www\\LecturasServiceApi\\vendor\\illuminate\\database\\Connection.php:458)
[stacktrace]
#0 C:\\laragon\\www\\LecturasServiceApi\\vendor\\illuminate\\database\\Connection.php(624): Illuminate\\Database\\Connection->runQueryCallback('insert into `co...', Array, Object(Closure))
#1 C:\\laragon\\www\\LecturasServiceApi\\vendor\\illuminate\\database\\Connection.php(459): Illuminate\\Database\\Connection->run('insert into `co...', Array, Object(Closure))
#2 C:\\laragon\\www\\LecturasServiceApi\\vendor\\illuminate\\database\\Connection.php(411): Illuminate\\Database\\Connection->statement('insert into `co...', Array)
#3 C:\\laragon\\www\\LecturasServiceApi\\vendor\\illuminate\\database\\Query\\Processors\\Processor.php(32): Illuminate\\Database\\Connection->insert('insert into `co...', Array)
#4 C:\\laragon\\www\\LecturasServiceApi\\vendor\\illuminate\\database\\Query\\Builder.php(2628): Illuminate\\Database\\Query\\Processors\\Processor->processInsertGetId(Object(Illuminate\\Database\\Query\\Builder), 'insert into `co...', Array, 'id')
#5 C:\\laragon\\www\\LecturasServiceApi\\vendor\\illuminate\\database\\Eloquent\\Builder.php(1318): Illuminate\\Database\\Query\\Builder->insertGetId(Array, 'id')
#6 C:\\laragon\\www\\LecturasServiceApi\\vendor\\illuminate\\database\\Eloquent\\Model.php(823): Illuminate\\Database\\Eloquent\\Builder->__call('insertGetId', Array)
#7 C:\\laragon\\www\\LecturasServiceApi\\vendor\\illuminate\\database\\Eloquent\\Model.php(788): Illuminate\\Database\\Eloquent\\Model->insertAndSetId(Object(Illuminate\\Database\\Eloquent\\Builder), Array)
#8 C:\\laragon\\www\\LecturasServiceApi\\vendor\\illuminate\\database\\Eloquent\\Model.php(651): Illuminate\\Database\\Eloquent\\Model->performInsert(Object(Illuminate\\Database\\Eloquent\\Builder))
#9 C:\\laragon\\www\\LecturasServiceApi\\vendor\\illuminate\\database\\Eloquent\\Builder.php(790): Illuminate\\Database\\Eloquent\\Model->save()
#10 C:\\laragon\\www\\LecturasServiceApi\\vendor\\illuminate\\support\\helpers.php(1027): Illuminate\\Database\\Eloquent\\Builder->Illuminate\\Database\\Eloquent\\{closure}(Object(App\\Models\\Configuracion))
#11 C:\\laragon\\www\\LecturasServiceApi\\vendor\\illuminate\\database\\Eloquent\\Builder.php(791): tap(Object(App\\Models\\Configuracion), Object(Closure))
#12 C:\\laragon\\www\\LecturasServiceApi\\vendor\\illuminate\\support\\Traits\\ForwardsCalls.php(23): Illuminate\\Database\\Eloquent\\Builder->create(Array)
#13 C:\\laragon\\www\\LecturasServiceApi\\vendor\\illuminate\\database\\Eloquent\\Model.php(1608): Illuminate\\Database\\Eloquent\\Model->forwardCallTo(Object(Illuminate\\Database\\Eloquent\\Builder), 'create', Array)
#14 C:\\laragon\\www\\LecturasServiceApi\\vendor\\illuminate\\database\\Eloquent\\Model.php(1620): Illuminate\\Database\\Eloquent\\Model->__call('create', Array)
#15 C:\\laragon\\www\\LecturasServiceApi\\app\\Http\\Controllers\\Configuracion\\ConfigController.php(29): Illuminate\\Database\\Eloquent\\Model::__callStatic('create', Array)
#16 [internal function]: App\\Http\\Controllers\\Configuracion\\ConfigController->store(Object(Laravel\\Lumen\\Http\\Request))
#17 C:\\laragon\\www\\LecturasServiceApi\\vendor\\illuminate\\container\\BoundMethod.php(29): call_user_func_array(Array, Array)
#18 C:\\laragon\\www\\LecturasServiceApi\\vendor\\illuminate\\container\\BoundMethod.php(87): Illuminate\\Container\\BoundMethod::Illuminate\\Container\\{closure}()
#19 C:\\laragon\\www\\LecturasServiceApi\\vendor\\illuminate\\container\\BoundMethod.php(31): Illuminate\\Container\\BoundMethod::callBoundMethod(Object(Laravel\\Lumen\\Application), Array, Object(Closure))
#20 C:\\laragon\\www\\LecturasServiceApi\\vendor\\illuminate\\container\\Container.php(572): Illuminate\\Container\\BoundMethod::call(Object(Laravel\\Lumen\\Application), Array, Array, NULL)
#21 C:\\laragon\\www\\LecturasServiceApi\\vendor\\laravel\\lumen-framework\\src\\Concerns\\RoutesRequests.php(378): Illuminate\\Container\\Container->call(Array, Array)
#22 C:\\laragon\\www\\LecturasServiceApi\\vendor\\laravel\\lumen-framework\\src\\Concerns\\RoutesRequests.php(344): Laravel\\Lumen\\Application->callControllerCallable(Array, Array)
#23 C:\\laragon\\www\\LecturasServiceApi\\vendor\\laravel\\lumen-framework\\src\\Concerns\\RoutesRequests.php(318): Laravel\\Lumen\\Application->callLumenController(Object(App\\Http\\Controllers\\Configuracion\\ConfigController), 'store', Array)
#24 C:\\laragon\\www\\LecturasServiceApi\\vendor\\laravel\\lumen-framework\\src\\Concerns\\RoutesRequests.php(280): Laravel\\Lumen\\Application->callControllerAction(Array)
#25 C:\\laragon\\www\\LecturasServiceApi\\vendor\\laravel\\lumen-framework\\src\\Concerns\\RoutesRequests.php(265): Laravel\\Lumen\\Application->callActionOnArrayBasedRoute(Array)
#26 C:\\laragon\\www\\LecturasServiceApi\\vendor\\laravel\\lumen-framework\\src\\Concerns\\RoutesRequests.php(165): Laravel\\Lumen\\Application->handleFoundRoute(Array)
#27 C:\\laragon\\www\\LecturasServiceApi\\vendor\\laravel\\lumen-framework\\src\\Concerns\\RoutesRequests.php(418): Laravel\\Lumen\\Application->Laravel\\Lumen\\Concerns\\{closure}(Object(Laravel\\Lumen\\Http\\Request))
#28 C:\\laragon\\www\\LecturasServiceApi\\vendor\\laravel\\lumen-framework\\src\\Concerns\\RoutesRequests.php(171): Laravel\\Lumen\\Application->sendThroughPipeline(Array, Object(Closure))
#29 C:\\laragon\\www\\LecturasServiceApi\\vendor\\laravel\\lumen-framework\\src\\Concerns\\RoutesRequests.php(108): Laravel\\Lumen\\Application->dispatch(NULL)
#30 C:\\laragon\\www\\LecturasServiceApi\\public\\index.php(28): Laravel\\Lumen\\Application->run()
#31 {main}
"} 
[2019-02-22 23:04:25] local.ERROR: PDOException: SQLSTATE[HY000]: General error: 1364 Field 'idEmpresa' doesn't have a default value in C:\laragon\www\LecturasServiceApi\vendor\illuminate\database\Connection.php:458
Stack trace:
#0 C:\laragon\www\LecturasServiceApi\vendor\illuminate\database\Connection.php(458): PDOStatement->execute()
#1 C:\laragon\www\LecturasServiceApi\vendor\illuminate\database\Connection.php(657): Illuminate\Database\Connection->Illuminate\Database\{closure}('insert into `co...', Array)
#2 C:\laragon\www\LecturasServiceApi\vendor\illuminate\database\Connection.php(624): Illuminate\Database\Connection->runQueryCallback('insert into `co...', Array, Object(Closure))
#3 C:\laragon\www\LecturasServiceApi\vendor\illuminate\database\Connection.php(459): Illuminate\Database\Connection->run('insert into `co...', Array, Object(Closure))
#4 C:\laragon\www\LecturasServiceApi\vendor\illuminate\database\Connection.php(411): Illuminate\Database\Connection->statement('insert into `co...', Array)
#5 C:\laragon\www\LecturasServiceApi\vendor\illuminate\database\Query\Processors\Processor.php(32): Illuminate\Database\Connection->insert('insert into `co...', Array)
#6 C:\laragon\www\LecturasServiceApi\vendor\illuminate\database\Query\Builder.php(2628): Illuminate\Database\Query\Processors\Processor->processInsertGetId(Object(Illuminate\Database\Query\Builder), 'insert into `co...', Array, 'id')
#7 C:\laragon\www\LecturasServiceApi\vendor\illuminate\database\Eloquent\Builder.php(1318): Illuminate\Database\Query\Builder->insertGetId(Array, 'id')
#8 C:\laragon\www\LecturasServiceApi\vendor\illuminate\database\Eloquent\Model.php(823): Illuminate\Database\Eloquent\Builder->__call('insertGetId', Array)
#9 C:\laragon\www\LecturasServiceApi\vendor\illuminate\database\Eloquent\Model.php(788): Illuminate\Database\Eloquent\Model->insertAndSetId(Object(Illuminate\Database\Eloquent\Builder), Array)
#10 C:\laragon\www\LecturasServiceApi\vendor\illuminate\database\Eloquent\Model.php(651): Illuminate\Database\Eloquent\Model->performInsert(Object(Illuminate\Database\Eloquent\Builder))
#11 C:\laragon\www\LecturasServiceApi\vendor\illuminate\database\Eloquent\Builder.php(790): Illuminate\Database\Eloquent\Model->save()
#12 C:\laragon\www\LecturasServiceApi\vendor\illuminate\support\helpers.php(1027): Illuminate\Database\Eloquent\Builder->Illuminate\Database\Eloquent\{closure}(Object(App\Models\Configuracion))
#13 C:\laragon\www\LecturasServiceApi\vendor\illuminate\database\Eloquent\Builder.php(791): tap(Object(App\Models\Configuracion), Object(Closure))
#14 C:\laragon\www\LecturasServiceApi\vendor\illuminate\support\Traits\ForwardsCalls.php(23): Illuminate\Database\Eloquent\Builder->create(Array)
#15 C:\laragon\www\LecturasServiceApi\vendor\illuminate\database\Eloquent\Model.php(1608): Illuminate\Database\Eloquent\Model->forwardCallTo(Object(Illuminate\Database\Eloquent\Builder), 'create', Array)
#16 C:\laragon\www\LecturasServiceApi\vendor\illuminate\database\Eloquent\Model.php(1620): Illuminate\Database\Eloquent\Model->__call('create', Array)
#17 C:\laragon\www\LecturasServiceApi\app\Http\Controllers\Configuracion\ConfigController.php(29): Illuminate\Database\Eloquent\Model::__callStatic('create', Array)
#18 [internal function]: App\Http\Controllers\Configuracion\ConfigController->store(Object(Laravel\Lumen\Http\Request))
#19 C:\laragon\www\LecturasServiceApi\vendor\illuminate\container\BoundMethod.php(29): call_user_func_array(Array, Array)
#20 C:\laragon\www\LecturasServiceApi\vendor\illuminate\container\BoundMethod.php(87): Illuminate\Container\BoundMethod::Illuminate\Container\{closure}()
#21 C:\laragon\www\LecturasServiceApi\vendor\illuminate\container\BoundMethod.php(31): Illuminate\Container\BoundMethod::callBoundMethod(Object(Laravel\Lumen\Application), Array, Object(Closure))
#22 C:\laragon\www\LecturasServiceApi\vendor\illuminate\container\Container.php(572): Illuminate\Container\BoundMethod::call(Object(Laravel\Lumen\Application), Array, Array, NULL)
#23 C:\laragon\www\LecturasServiceApi\vendor\laravel\lumen-framework\src\Concerns\RoutesRequests.php(378): Illuminate\Container\Container->call(Array, Array)
#24 C:\laragon\www\LecturasServiceApi\vendor\laravel\lumen-framework\src\Concerns\RoutesRequests.php(344): Laravel\Lumen\Application->callControllerCallable(Array, Array)
#25 C:\laragon\www\LecturasServiceApi\vendor\laravel\lumen-framework\src\Concerns\RoutesRequests.php(318): Laravel\Lumen\Application->callLumenController(Object(App\Http\Controllers\Configuracion\ConfigController), 'store', Array)
#26 C:\laragon\www\LecturasServiceApi\vendor\laravel\lumen-framework\src\Concerns\RoutesRequests.php(280): Laravel\Lumen\Application->callControllerAction(Array)
#27 C:\laragon\www\LecturasServiceApi\vendor\laravel\lumen-framework\src\Concerns\RoutesRequests.php(265): Laravel\Lumen\Application->callActionOnArrayBasedRoute(Array)
#28 C:\laragon\www\LecturasServiceApi\vendor\laravel\lumen-framework\src\Concerns\RoutesRequests.php(165): Laravel\Lumen\Application->handleFoundRoute(Array)
#29 C:\laragon\www\LecturasServiceApi\vendor\laravel\lumen-framework\src\Concerns\RoutesRequests.php(418): Laravel\Lumen\Application->Laravel\Lumen\Concerns\{closure}(Object(Laravel\Lumen\Http\Request))
#30 C:\laragon\www\LecturasServiceApi\vendor\laravel\lumen-framework\src\Concerns\RoutesRequests.php(171): Laravel\Lumen\Application->sendThroughPipeline(Array, Object(Closure))
#31 C:\laragon\www\LecturasServiceApi\vendor\laravel\lumen-framework\src\Concerns\RoutesRequests.php(108): Laravel\Lumen\Application->dispatch(NULL)
#32 C:\laragon\www\LecturasServiceApi\public\index.php(28): Laravel\Lumen\Application->run()
#33 {main}

Next Illuminate\Database\QueryException: SQLSTATE[HY000]: General error: 1364 Field 'idEmpresa' doesn't have a default value (SQL: insert into `configuraciones` (`key`, `descripcion`, `estado`, `updated_at`, `created_at`) values (table, Empresa2, 1, 2019-02-22 23:04:25, 2019-02-22 23:04:25)) in C:\laragon\www\LecturasServiceApi\vendor\illuminate\database\Connection.php:664
Stack trace:
#0 C:\laragon\www\LecturasServiceApi\vendor\illuminate\database\Connection.php(624): Illuminate\Database\Connection->runQueryCallback('insert into `co...', Array, Object(Closure))
#1 C:\laragon\www\LecturasServiceApi\vendor\illuminate\database\Connection.php(459): Illuminate\Database\Connection->run('insert into `co...', Array, Object(Closure))
#2 C:\laragon\www\LecturasServiceApi\vendor\illuminate\database\Connection.php(411): Illuminate\Database\Connection->statement('insert into `co...', Array)
#3 C:\laragon\www\LecturasServiceApi\vendor\illuminate\database\Query\Processors\Processor.php(32): Illuminate\Database\Connection->insert('insert into `co...', Array)
#4 C:\laragon\www\LecturasServiceApi\vendor\illuminate\database\Query\Builder.php(2628): Illuminate\Database\Query\Processors\Processor->processInsertGetId(Object(Illuminate\Database\Query\Builder), 'insert into `co...', Array, 'id')
#5 C:\laragon\www\LecturasServiceApi\vendor\illuminate\database\Eloquent\Builder.php(1318): Illuminate\Database\Query\Builder->insertGetId(Array, 'id')
#6 C:\laragon\www\LecturasServiceApi\vendor\illuminate\database\Eloquent\Model.php(823): Illuminate\Database\Eloquent\Builder->__call('insertGetId', Array)
#7 C:\laragon\www\LecturasServiceApi\vendor\illuminate\database\Eloquent\Model.php(788): Illuminate\Database\Eloquent\Model->insertAndSetId(Object(Illuminate\Database\Eloquent\Builder), Array)
#8 C:\laragon\www\LecturasServiceApi\vendor\illuminate\database\Eloquent\Model.php(651): Illuminate\Database\Eloquent\Model->performInsert(Object(Illuminate\Database\Eloquent\Builder))
#9 C:\laragon\www\LecturasServiceApi\vendor\illuminate\database\Eloquent\Builder.php(790): Illuminate\Database\Eloquent\Model->save()
#10 C:\laragon\www\LecturasServiceApi\vendor\illuminate\support\helpers.php(1027): Illuminate\Database\Eloquent\Builder->Illuminate\Database\Eloquent\{closure}(Object(App\Models\Configuracion))
#11 C:\laragon\www\LecturasServiceApi\vendor\illuminate\database\Eloquent\Builder.php(791): tap(Object(App\Models\Configuracion), Object(Closure))
#12 C:\laragon\www\LecturasServiceApi\vendor\illuminate\support\Traits\ForwardsCalls.php(23): Illuminate\Database\Eloquent\Builder->create(Array)
#13 C:\laragon\www\LecturasServiceApi\vendor\illuminate\database\Eloquent\Model.php(1608): Illuminate\Database\Eloquent\Model->forwardCallTo(Object(Illuminate\Database\Eloquent\Builder), 'create', Array)
#14 C:\laragon\www\LecturasServiceApi\vendor\illuminate\database\Eloquent\Model.php(1620): Illuminate\Database\Eloquent\Model->__call('create', Array)
#15 C:\laragon\www\LecturasServiceApi\app\Http\Controllers\Configuracion\ConfigController.php(29): Illuminate\Database\Eloquent\Model::__callStatic('create', Array)
#16 [internal function]: App\Http\Controllers\Configuracion\ConfigController->store(Object(Laravel\Lumen\Http\Request))
#17 C:\laragon\www\LecturasServiceApi\vendor\illuminate\container\BoundMethod.php(29): call_user_func_array(Array, Array)
#18 C:\laragon\www\LecturasServiceApi\vendor\illuminate\container\BoundMethod.php(87): Illuminate\Container\BoundMethod::Illuminate\Container\{closure}()
#19 C:\laragon\www\LecturasServiceApi\vendor\illuminate\container\BoundMethod.php(31): Illuminate\Container\BoundMethod::callBoundMethod(Object(Laravel\Lumen\Application), Array, Object(Closure))
#20 C:\laragon\www\LecturasServiceApi\vendor\illuminate\container\Container.php(572): Illuminate\Container\BoundMethod::call(Object(Laravel\Lumen\Application), Array, Array, NULL)
#21 C:\laragon\www\LecturasServiceApi\vendor\laravel\lumen-framework\src\Concerns\RoutesRequests.php(378): Illuminate\Container\Container->call(Array, Array)
#22 C:\laragon\www\LecturasServiceApi\vendor\laravel\lumen-framework\src\Concerns\RoutesRequests.php(344): Laravel\Lumen\Application->callControllerCallable(Array, Array)
#23 C:\laragon\www\LecturasServiceApi\vendor\laravel\lumen-framework\src\Concerns\RoutesRequests.php(318): Laravel\Lumen\Application->callLumenController(Object(App\Http\Controllers\Configuracion\ConfigController), 'store', Array)
#24 C:\laragon\www\LecturasServiceApi\vendor\laravel\lumen-framework\src\Concerns\RoutesRequests.php(280): Laravel\Lumen\Application->callControllerAction(Array)
#25 C:\laragon\www\LecturasServiceApi\vendor\laravel\lumen-framework\src\Concerns\RoutesRequests.php(265): Laravel\Lumen\Application->callActionOnArrayBasedRoute(Array)
#26 C:\laragon\www\LecturasServiceApi\vendor\laravel\lumen-framework\src\Concerns\RoutesRequests.php(165): Laravel\Lumen\Application->handleFoundRoute(Array)
#27 C:\laragon\www\LecturasServiceApi\vendor\laravel\lumen-framework\src\Concerns\RoutesRequests.php(418): Laravel\Lumen\Application->Laravel\Lumen\Concerns\{closure}(Object(Laravel\Lumen\Http\Request))
#28 C:\laragon\www\LecturasServiceApi\vendor\laravel\lumen-framework\src\Concerns\RoutesRequests.php(171): Laravel\Lumen\Application->sendThroughPipeline(Array, Object(Closure))
#29 C:\laragon\www\LecturasServiceApi\vendor\laravel\lumen-framework\src\Concerns\RoutesRequests.php(108): Laravel\Lumen\Application->dispatch(NULL)
#30 C:\laragon\www\LecturasServiceApi\public\index.php(28): Laravel\Lumen\Application->run()
#31 {main} {"exception":"[object] (Illuminate\\Database\\QueryException(code: HY000): SQLSTATE[HY000]: General error: 1364 Field 'idEmpresa' doesn't have a default value (SQL: insert into `configuraciones` (`key`, `descripcion`, `estado`, `updated_at`, `created_at`) values (table, Empresa2, 1, 2019-02-22 23:04:25, 2019-02-22 23:04:25)) at C:\\laragon\\www\\LecturasServiceApi\\vendor\\illuminate\\database\\Connection.php:664, PDOException(code: HY000): SQLSTATE[HY000]: General error: 1364 Field 'idEmpresa' doesn't have a default value at C:\\laragon\\www\\LecturasServiceApi\\vendor\\illuminate\\database\\Connection.php:458)
[stacktrace]
#0 C:\\laragon\\www\\LecturasServiceApi\\vendor\\illuminate\\database\\Connection.php(624): Illuminate\\Database\\Connection->runQueryCallback('insert into `co...', Array, Object(Closure))
#1 C:\\laragon\\www\\LecturasServiceApi\\vendor\\illuminate\\database\\Connection.php(459): Illuminate\\Database\\Connection->run('insert into `co...', Array, Object(Closure))
#2 C:\\laragon\\www\\LecturasServiceApi\\vendor\\illuminate\\database\\Connection.php(411): Illuminate\\Database\\Connection->statement('insert into `co...', Array)
#3 C:\\laragon\\www\\LecturasServiceApi\\vendor\\illuminate\\database\\Query\\Processors\\Processor.php(32): Illuminate\\Database\\Connection->insert('insert into `co...', Array)
#4 C:\\laragon\\www\\LecturasServiceApi\\vendor\\illuminate\\database\\Query\\Builder.php(2628): Illuminate\\Database\\Query\\Processors\\Processor->processInsertGetId(Object(Illuminate\\Database\\Query\\Builder), 'insert into `co...', Array, 'id')
#5 C:\\laragon\\www\\LecturasServiceApi\\vendor\\illuminate\\database\\Eloquent\\Builder.php(1318): Illuminate\\Database\\Query\\Builder->insertGetId(Array, 'id')
#6 C:\\laragon\\www\\LecturasServiceApi\\vendor\\illuminate\\database\\Eloquent\\Model.php(823): Illuminate\\Database\\Eloquent\\Builder->__call('insertGetId', Array)
#7 C:\\laragon\\www\\LecturasServiceApi\\vendor\\illuminate\\database\\Eloquent\\Model.php(788): Illuminate\\Database\\Eloquent\\Model->insertAndSetId(Object(Illuminate\\Database\\Eloquent\\Builder), Array)
#8 C:\\laragon\\www\\LecturasServiceApi\\vendor\\illuminate\\database\\Eloquent\\Model.php(651): Illuminate\\Database\\Eloquent\\Model->performInsert(Object(Illuminate\\Database\\Eloquent\\Builder))
#9 C:\\laragon\\www\\LecturasServiceApi\\vendor\\illuminate\\database\\Eloquent\\Builder.php(790): Illuminate\\Database\\Eloquent\\Model->save()
#10 C:\\laragon\\www\\LecturasServiceApi\\vendor\\illuminate\\support\\helpers.php(1027): Illuminate\\Database\\Eloquent\\Builder->Illuminate\\Database\\Eloquent\\{closure}(Object(App\\Models\\Configuracion))
#11 C:\\laragon\\www\\LecturasServiceApi\\vendor\\illuminate\\database\\Eloquent\\Builder.php(791): tap(Object(App\\Models\\Configuracion), Object(Closure))
#12 C:\\laragon\\www\\LecturasServiceApi\\vendor\\illuminate\\support\\Traits\\ForwardsCalls.php(23): Illuminate\\Database\\Eloquent\\Builder->create(Array)
#13 C:\\laragon\\www\\LecturasServiceApi\\vendor\\illuminate\\database\\Eloquent\\Model.php(1608): Illuminate\\Database\\Eloquent\\Model->forwardCallTo(Object(Illuminate\\Database\\Eloquent\\Builder), 'create', Array)
#14 C:\\laragon\\www\\LecturasServiceApi\\vendor\\illuminate\\database\\Eloquent\\Model.php(1620): Illuminate\\Database\\Eloquent\\Model->__call('create', Array)
#15 C:\\laragon\\www\\LecturasServiceApi\\app\\Http\\Controllers\\Configuracion\\ConfigController.php(29): Illuminate\\Database\\Eloquent\\Model::__callStatic('create', Array)
#16 [internal function]: App\\Http\\Controllers\\Configuracion\\ConfigController->store(Object(Laravel\\Lumen\\Http\\Request))
#17 C:\\laragon\\www\\LecturasServiceApi\\vendor\\illuminate\\container\\BoundMethod.php(29): call_user_func_array(Array, Array)
#18 C:\\laragon\\www\\LecturasServiceApi\\vendor\\illuminate\\container\\BoundMethod.php(87): Illuminate\\Container\\BoundMethod::Illuminate\\Container\\{closure}()
#19 C:\\laragon\\www\\LecturasServiceApi\\vendor\\illuminate\\container\\BoundMethod.php(31): Illuminate\\Container\\BoundMethod::callBoundMethod(Object(Laravel\\Lumen\\Application), Array, Object(Closure))
#20 C:\\laragon\\www\\LecturasServiceApi\\vendor\\illuminate\\container\\Container.php(572): Illuminate\\Container\\BoundMethod::call(Object(Laravel\\Lumen\\Application), Array, Array, NULL)
#21 C:\\laragon\\www\\LecturasServiceApi\\vendor\\laravel\\lumen-framework\\src\\Concerns\\RoutesRequests.php(378): Illuminate\\Container\\Container->call(Array, Array)
#22 C:\\laragon\\www\\LecturasServiceApi\\vendor\\laravel\\lumen-framework\\src\\Concerns\\RoutesRequests.php(344): Laravel\\Lumen\\Application->callControllerCallable(Array, Array)
#23 C:\\laragon\\www\\LecturasServiceApi\\vendor\\laravel\\lumen-framework\\src\\Concerns\\RoutesRequests.php(318): Laravel\\Lumen\\Application->callLumenController(Object(App\\Http\\Controllers\\Configuracion\\ConfigController), 'store', Array)
#24 C:\\laragon\\www\\LecturasServiceApi\\vendor\\laravel\\lumen-framework\\src\\Concerns\\RoutesRequests.php(280): Laravel\\Lumen\\Application->callControllerAction(Array)
#25 C:\\laragon\\www\\LecturasServiceApi\\vendor\\laravel\\lumen-framework\\src\\Concerns\\RoutesRequests.php(265): Laravel\\Lumen\\Application->callActionOnArrayBasedRoute(Array)
#26 C:\\laragon\\www\\LecturasServiceApi\\vendor\\laravel\\lumen-framework\\src\\Concerns\\RoutesRequests.php(165): Laravel\\Lumen\\Application->handleFoundRoute(Array)
#27 C:\\laragon\\www\\LecturasServiceApi\\vendor\\laravel\\lumen-framework\\src\\Concerns\\RoutesRequests.php(418): Laravel\\Lumen\\Application->Laravel\\Lumen\\Concerns\\{closure}(Object(Laravel\\Lumen\\Http\\Request))
#28 C:\\laragon\\www\\LecturasServiceApi\\vendor\\laravel\\lumen-framework\\src\\Concerns\\RoutesRequests.php(171): Laravel\\Lumen\\Application->sendThroughPipeline(Array, Object(Closure))
#29 C:\\laragon\\www\\LecturasServiceApi\\vendor\\laravel\\lumen-framework\\src\\Concerns\\RoutesRequests.php(108): Laravel\\Lumen\\Application->dispatch(NULL)
#30 C:\\laragon\\www\\LecturasServiceApi\\public\\index.php(28): Laravel\\Lumen\\Application->run()
#31 {main}
"} 
[2019-02-22 23:42:55] local.ERROR: Symfony\Component\Debug\Exception\FatalThrowableError: syntax error, unexpected '$router' (T_VARIABLE) in C:\laragon\www\LecturasServiceApi\routes\web.php:18
Stack trace:
#0 [internal function]: {closure}(Object(Laravel\Lumen\Routing\Router))
#1 C:\laragon\www\LecturasServiceApi\vendor\laravel\lumen-framework\src\Routing\Router.php(62): call_user_func(Object(Closure), Object(Laravel\Lumen\Routing\Router))
#2 C:\laragon\www\LecturasServiceApi\bootstrap\app.php(100): Laravel\Lumen\Routing\Router->group(Array, Object(Closure))
#3 C:\laragon\www\LecturasServiceApi\public\index.php(14): require('C:\\laragon\\www\\...')
#4 {main} {"exception":"[object] (Symfony\\Component\\Debug\\Exception\\FatalThrowableError(code: 0): syntax error, unexpected '$router' (T_VARIABLE) at C:\\laragon\\www\\LecturasServiceApi\outes\\web.php:18)
[stacktrace]
#0 [internal function]: {closure}(Object(Laravel\\Lumen\\Routing\\Router))
#1 C:\\laragon\\www\\LecturasServiceApi\\vendor\\laravel\\lumen-framework\\src\\Routing\\Router.php(62): call_user_func(Object(Closure), Object(Laravel\\Lumen\\Routing\\Router))
#2 C:\\laragon\\www\\LecturasServiceApi\\bootstrap\\app.php(100): Laravel\\Lumen\\Routing\\Router->group(Array, Object(Closure))
#3 C:\\laragon\\www\\LecturasServiceApi\\public\\index.php(14): require('C:\\\\laragon\\\\www\\\\...')
#4 {main}
"} 
[2019-02-22 23:48:57] local.ERROR: Symfony\Component\Debug\Exception\FatalThrowableError: syntax error, unexpected '$data' (T_VARIABLE) in C:\laragon\www\LecturasServiceApi\app\Http\Controllers\Procesos\ProcesosController.php:51
Stack trace:
#0 C:\laragon\www\LecturasServiceApi\vendor\composer\ClassLoader.php(322): Composer\Autoload\includeFile('C:\\laragon\\www\\...')
#1 [internal function]: Composer\Autoload\ClassLoader->loadClass('App\\Http\\Contro...')
#2 [internal function]: spl_autoload_call('App\\Http\\Contro...')
#3 C:\laragon\www\LecturasServiceApi\vendor\illuminate\container\Container.php(779): ReflectionClass->__construct('App\\Http\\Contro...')
#4 C:\laragon\www\LecturasServiceApi\vendor\illuminate\container\Container.php(658): Illuminate\Container\Container->build('App\\Http\\Contro...')
#5 C:\laragon\www\LecturasServiceApi\vendor\illuminate\container\Container.php(609): Illuminate\Container\Container->resolve('App\\Http\\Contro...', Array)
#6 C:\laragon\www\LecturasServiceApi\vendor\laravel\lumen-framework\src\Application.php(260): Illuminate\Container\Container->make('App\\Http\\Contro...', Array)
#7 C:\laragon\www\LecturasServiceApi\vendor\laravel\lumen-framework\src\Concerns\RoutesRequests.php(313): Laravel\Lumen\Application->make('App\\Http\\Contro...')
#8 C:\laragon\www\LecturasServiceApi\vendor\laravel\lumen-framework\src\Concerns\RoutesRequests.php(280): Laravel\Lumen\Application->callControllerAction(Array)
#9 C:\laragon\www\LecturasServiceApi\vendor\laravel\lumen-framework\src\Concerns\RoutesRequests.php(265): Laravel\Lumen\Application->callActionOnArrayBasedRoute(Array)
#10 C:\laragon\www\LecturasServiceApi\vendor\laravel\lumen-framework\src\Concerns\RoutesRequests.php(165): Laravel\Lumen\Application->handleFoundRoute(Array)
#11 C:\laragon\www\LecturasServiceApi\vendor\laravel\lumen-framework\src\Concerns\RoutesRequests.php(418): Laravel\Lumen\Application->Laravel\Lumen\Concerns\{closure}(Object(Laravel\Lumen\Http\Request))
#12 C:\laragon\www\LecturasServiceApi\vendor\laravel\lumen-framework\src\Concerns\RoutesRequests.php(171): Laravel\Lumen\Application->sendThroughPipeline(Array, Object(Closure))
#13 C:\laragon\www\LecturasServiceApi\vendor\laravel\lumen-framework\src\Concerns\RoutesRequests.php(108): Laravel\Lumen\Application->dispatch(NULL)
#14 C:\laragon\www\LecturasServiceApi\public\index.php(28): Laravel\Lumen\Application->run()
#15 {main} {"exception":"[object] (Symfony\\Component\\Debug\\Exception\\FatalThrowableError(code: 0): syntax error, unexpected '$data' (T_VARIABLE) at C:\\laragon\\www\\LecturasServiceApi\\app\\Http\\Controllers\\Procesos\\ProcesosController.php:51)
[stacktrace]
#0 C:\\laragon\\www\\LecturasServiceApi\\vendor\\composer\\ClassLoader.php(322): Composer\\Autoload\\includeFile('C:\\\\laragon\\\\www\\\\...')
#1 [internal function]: Composer\\Autoload\\ClassLoader->loadClass('App\\\\Http\\\\Contro...')
#2 [internal function]: spl_autoload_call('App\\\\Http\\\\Contro...')
#3 C:\\laragon\\www\\LecturasServiceApi\\vendor\\illuminate\\container\\Container.php(779): ReflectionClass->__construct('App\\\\Http\\\\Contro...')
#4 C:\\laragon\\www\\LecturasServiceApi\\vendor\\illuminate\\container\\Container.php(658): Illuminate\\Container\\Container->build('App\\\\Http\\\\Contro...')
#5 C:\\laragon\\www\\LecturasServiceApi\\vendor\\illuminate\\container\\Container.php(609): Illuminate\\Container\\Container->resolve('App\\\\Http\\\\Contro...', Array)
#6 C:\\laragon\\www\\LecturasServiceApi\\vendor\\laravel\\lumen-framework\\src\\Application.php(260): Illuminate\\Container\\Container->make('App\\\\Http\\\\Contro...', Array)
#7 C:\\laragon\\www\\LecturasServiceApi\\vendor\\laravel\\lumen-framework\\src\\Concerns\\RoutesRequests.php(313): Laravel\\Lumen\\Application->make('App\\\\Http\\\\Contro...')
#8 C:\\laragon\\www\\LecturasServiceApi\\vendor\\laravel\\lumen-framework\\src\\Concerns\\RoutesRequests.php(280): Laravel\\Lumen\\Application->callControllerAction(Array)
#9 C:\\laragon\\www\\LecturasServiceApi\\vendor\\laravel\\lumen-framework\\src\\Concerns\\RoutesRequests.php(265): Laravel\\Lumen\\Application->callActionOnArrayBasedRoute(Array)
#10 C:\\laragon\\www\\LecturasServiceApi\\vendor\\laravel\\lumen-framework\\src\\Concerns\\RoutesRequests.php(165): Laravel\\Lumen\\Application->handleFoundRoute(Array)
#11 C:\\laragon\\www\\LecturasServiceApi\\vendor\\laravel\\lumen-framework\\src\\Concerns\\RoutesRequests.php(418): Laravel\\Lumen\\Application->Laravel\\Lumen\\Concerns\\{closure}(Object(Laravel\\Lumen\\Http\\Request))
#12 C:\\laragon\\www\\LecturasServiceApi\\vendor\\laravel\\lumen-framework\\src\\Concerns\\RoutesRequests.php(171): Laravel\\Lumen\\Application->sendThroughPipeline(Array, Object(Closure))
#13 C:\\laragon\\www\\LecturasServiceApi\\vendor\\laravel\\lumen-framework\\src\\Concerns\\RoutesRequests.php(108): Laravel\\Lumen\\Application->dispatch(NULL)
#14 C:\\laragon\\www\\LecturasServiceApi\\public\\index.php(28): Laravel\\Lumen\\Application->run()
#15 {main}
"} 
