[2019-03-21 02:37:42] local.ERROR: UnexpectedValueException: The Response content must be a string or object implementing __toString(), "object" given. in C:\laragon\www\BACK-CORTES-LECTURAS\LecturasServiceApi\vendor\symfony\http-foundation\Response.php:401
Stack trace:
#0 C:\laragon\www\BACK-CORTES-LECTURAS\LecturasServiceApi\vendor\illuminate\http\Response.php(45): Symfony\Component\HttpFoundation\Response->setContent(Object(stdClass))
#1 C:\laragon\www\BACK-CORTES-LECTURAS\LecturasServiceApi\vendor\symfony\http-foundation\Response.php(202): Illuminate\Http\Response->setContent(Object(stdClass))
#2 C:\laragon\www\BACK-CORTES-LECTURAS\LecturasServiceApi\vendor\laravel\lumen-framework\src\Concerns\RoutesRequests.php(438): Symfony\Component\HttpFoundation\Response->__construct(Object(stdClass))
#3 C:\laragon\www\BACK-CORTES-LECTURAS\LecturasServiceApi\vendor\laravel\lumen-framework\src\Concerns\RoutesRequests.php(378): Laravel\Lumen\Application->prepareResponse(Object(stdClass))
#4 C:\laragon\www\BACK-CORTES-LECTURAS\LecturasServiceApi\vendor\laravel\lumen-framework\src\Concerns\RoutesRequests.php(344): Laravel\Lumen\Application->callControllerCallable(Array, Array)
#5 C:\laragon\www\BACK-CORTES-LECTURAS\LecturasServiceApi\vendor\laravel\lumen-framework\src\Concerns\RoutesRequests.php(318): Laravel\Lumen\Application->callLumenController(Object(App\Http\Controllers\Procesos\ProcesosController), 'carga', Array)
#6 C:\laragon\www\BACK-CORTES-LECTURAS\LecturasServiceApi\vendor\laravel\lumen-framework\src\Concerns\RoutesRequests.php(280): Laravel\Lumen\Application->callControllerAction(Array)
#7 C:\laragon\www\BACK-CORTES-LECTURAS\LecturasServiceApi\vendor\laravel\lumen-framework\src\Concerns\RoutesRequests.php(265): Laravel\Lumen\Application->callActionOnArrayBasedRoute(Array)
#8 C:\laragon\www\BACK-CORTES-LECTURAS\LecturasServiceApi\vendor\laravel\lumen-framework\src\Concerns\RoutesRequests.php(165): Laravel\Lumen\Application->handleFoundRoute(Array)
#9 [internal function]: Laravel\Lumen\Application->Laravel\Lumen\Concerns\{closure}(Object(Laravel\Lumen\Http\Request))
#10 C:\laragon\www\BACK-CORTES-LECTURAS\LecturasServiceApi\vendor\laravel\lumen-framework\src\Routing\Pipeline.php(52): call_user_func(Object(Closure), Object(Laravel\Lumen\Http\Request))
#11 C:\laragon\www\BACK-CORTES-LECTURAS\LecturasServiceApi\app\Http\Middleware\AuthenticateAccess.php(21): Laravel\Lumen\Routing\Pipeline->Laravel\Lumen\Routing\{closure}(Object(Laravel\Lumen\Http\Request))
#12 C:\laragon\www\BACK-CORTES-LECTURAS\LecturasServiceApi\vendor\illuminate\pipeline\Pipeline.php(151): App\Http\Middleware\AuthenticateAccess->handle(Object(Laravel\Lumen\Http\Request), Object(Closure))
#13 [internal function]: Illuminate\Pipeline\Pipeline->Illuminate\Pipeline\{closure}(Object(Laravel\Lumen\Http\Request))
#14 C:\laragon\www\BACK-CORTES-LECTURAS\LecturasServiceApi\vendor\laravel\lumen-framework\src\Routing\Pipeline.php(32): call_user_func(Object(Closure), Object(Laravel\Lumen\Http\Request))
#15 C:\laragon\www\BACK-CORTES-LECTURAS\LecturasServiceApi\vendor\illuminate\pipeline\Pipeline.php(104): Laravel\Lumen\Routing\Pipeline->Laravel\Lumen\Routing\{closure}(Object(Laravel\Lumen\Http\Request))
#16 C:\laragon\www\BACK-CORTES-LECTURAS\LecturasServiceApi\vendor\laravel\lumen-framework\src\Concerns\RoutesRequests.php(415): Illuminate\Pipeline\Pipeline->then(Object(Closure))
#17 C:\laragon\www\BACK-CORTES-LECTURAS\LecturasServiceApi\vendor\laravel\lumen-framework\src\Concerns\RoutesRequests.php(171): Laravel\Lumen\Application->sendThroughPipeline(Array, Object(Closure))
#18 C:\laragon\www\BACK-CORTES-LECTURAS\LecturasServiceApi\vendor\laravel\lumen-framework\src\Concerns\RoutesRequests.php(108): Laravel\Lumen\Application->dispatch(NULL)
#19 C:\laragon\www\BACK-CORTES-LECTURAS\LecturasServiceApi\public\index.php(28): Laravel\Lumen\Application->run()
#20 {main} {"exception":"[object] (UnexpectedValueException(code: 0): The Response content must be a string or object implementing __toString(), \"object\" given. at C:\\laragon\\www\\BACK-CORTES-LECTURAS\\LecturasServiceApi\\vendor\\symfony\\http-foundation\\Response.php:401)
[stacktrace]
#0 C:\\laragon\\www\\BACK-CORTES-LECTURAS\\LecturasServiceApi\\vendor\\illuminate\\http\\Response.php(45): Symfony\\Component\\HttpFoundation\\Response->setContent(Object(stdClass))
#1 C:\\laragon\\www\\BACK-CORTES-LECTURAS\\LecturasServiceApi\\vendor\\symfony\\http-foundation\\Response.php(202): Illuminate\\Http\\Response->setContent(Object(stdClass))
#2 C:\\laragon\\www\\BACK-CORTES-LECTURAS\\LecturasServiceApi\\vendor\\laravel\\lumen-framework\\src\\Concerns\\RoutesRequests.php(438): Symfony\\Component\\HttpFoundation\\Response->__construct(Object(stdClass))
#3 C:\\laragon\\www\\BACK-CORTES-LECTURAS\\LecturasServiceApi\\vendor\\laravel\\lumen-framework\\src\\Concerns\\RoutesRequests.php(378): Laravel\\Lumen\\Application->prepareResponse(Object(stdClass))
#4 C:\\laragon\\www\\BACK-CORTES-LECTURAS\\LecturasServiceApi\\vendor\\laravel\\lumen-framework\\src\\Concerns\\RoutesRequests.php(344): Laravel\\Lumen\\Application->callControllerCallable(Array, Array)
#5 C:\\laragon\\www\\BACK-CORTES-LECTURAS\\LecturasServiceApi\\vendor\\laravel\\lumen-framework\\src\\Concerns\\RoutesRequests.php(318): Laravel\\Lumen\\Application->callLumenController(Object(App\\Http\\Controllers\\Procesos\\ProcesosController), 'carga', Array)
#6 C:\\laragon\\www\\BACK-CORTES-LECTURAS\\LecturasServiceApi\\vendor\\laravel\\lumen-framework\\src\\Concerns\\RoutesRequests.php(280): Laravel\\Lumen\\Application->callControllerAction(Array)
#7 C:\\laragon\\www\\BACK-CORTES-LECTURAS\\LecturasServiceApi\\vendor\\laravel\\lumen-framework\\src\\Concerns\\RoutesRequests.php(265): Laravel\\Lumen\\Application->callActionOnArrayBasedRoute(Array)
#8 C:\\laragon\\www\\BACK-CORTES-LECTURAS\\LecturasServiceApi\\vendor\\laravel\\lumen-framework\\src\\Concerns\\RoutesRequests.php(165): Laravel\\Lumen\\Application->handleFoundRoute(Array)
#9 [internal function]: Laravel\\Lumen\\Application->Laravel\\Lumen\\Concerns\\{closure}(Object(Laravel\\Lumen\\Http\\Request))
#10 C:\\laragon\\www\\BACK-CORTES-LECTURAS\\LecturasServiceApi\\vendor\\laravel\\lumen-framework\\src\\Routing\\Pipeline.php(52): call_user_func(Object(Closure), Object(Laravel\\Lumen\\Http\\Request))
#11 C:\\laragon\\www\\BACK-CORTES-LECTURAS\\LecturasServiceApi\\app\\Http\\Middleware\\AuthenticateAccess.php(21): Laravel\\Lumen\\Routing\\Pipeline->Laravel\\Lumen\\Routing\\{closure}(Object(Laravel\\Lumen\\Http\\Request))
#12 C:\\laragon\\www\\BACK-CORTES-LECTURAS\\LecturasServiceApi\\vendor\\illuminate\\pipeline\\Pipeline.php(151): App\\Http\\Middleware\\AuthenticateAccess->handle(Object(Laravel\\Lumen\\Http\\Request), Object(Closure))
#13 [internal function]: Illuminate\\Pipeline\\Pipeline->Illuminate\\Pipeline\\{closure}(Object(Laravel\\Lumen\\Http\\Request))
#14 C:\\laragon\\www\\BACK-CORTES-LECTURAS\\LecturasServiceApi\\vendor\\laravel\\lumen-framework\\src\\Routing\\Pipeline.php(32): call_user_func(Object(Closure), Object(Laravel\\Lumen\\Http\\Request))
#15 C:\\laragon\\www\\BACK-CORTES-LECTURAS\\LecturasServiceApi\\vendor\\illuminate\\pipeline\\Pipeline.php(104): Laravel\\Lumen\\Routing\\Pipeline->Laravel\\Lumen\\Routing\\{closure}(Object(Laravel\\Lumen\\Http\\Request))
#16 C:\\laragon\\www\\BACK-CORTES-LECTURAS\\LecturasServiceApi\\vendor\\laravel\\lumen-framework\\src\\Concerns\\RoutesRequests.php(415): Illuminate\\Pipeline\\Pipeline->then(Object(Closure))
#17 C:\\laragon\\www\\BACK-CORTES-LECTURAS\\LecturasServiceApi\\vendor\\laravel\\lumen-framework\\src\\Concerns\\RoutesRequests.php(171): Laravel\\Lumen\\Application->sendThroughPipeline(Array, Object(Closure))
#18 C:\\laragon\\www\\BACK-CORTES-LECTURAS\\LecturasServiceApi\\vendor\\laravel\\lumen-framework\\src\\Concerns\\RoutesRequests.php(108): Laravel\\Lumen\\Application->dispatch(NULL)
#19 C:\\laragon\\www\\BACK-CORTES-LECTURAS\\LecturasServiceApi\\public\\index.php(28): Laravel\\Lumen\\Application->run()
#20 {main}
"} 
[2019-03-21 02:37:58] local.ERROR: UnexpectedValueException: The Response content must be a string or object implementing __toString(), "object" given. in C:\laragon\www\BACK-CORTES-LECTURAS\LecturasServiceApi\vendor\symfony\http-foundation\Response.php:401
Stack trace:
#0 C:\laragon\www\BACK-CORTES-LECTURAS\LecturasServiceApi\vendor\illuminate\http\Response.php(45): Symfony\Component\HttpFoundation\Response->setContent(Object(stdClass))
#1 C:\laragon\www\BACK-CORTES-LECTURAS\LecturasServiceApi\vendor\symfony\http-foundation\Response.php(202): Illuminate\Http\Response->setContent(Object(stdClass))
#2 C:\laragon\www\BACK-CORTES-LECTURAS\LecturasServiceApi\vendor\laravel\lumen-framework\src\Concerns\RoutesRequests.php(438): Symfony\Component\HttpFoundation\Response->__construct(Object(stdClass))
#3 C:\laragon\www\BACK-CORTES-LECTURAS\LecturasServiceApi\vendor\laravel\lumen-framework\src\Concerns\RoutesRequests.php(378): Laravel\Lumen\Application->prepareResponse(Object(stdClass))
#4 C:\laragon\www\BACK-CORTES-LECTURAS\LecturasServiceApi\vendor\laravel\lumen-framework\src\Concerns\RoutesRequests.php(344): Laravel\Lumen\Application->callControllerCallable(Array, Array)
#5 C:\laragon\www\BACK-CORTES-LECTURAS\LecturasServiceApi\vendor\laravel\lumen-framework\src\Concerns\RoutesRequests.php(318): Laravel\Lumen\Application->callLumenController(Object(App\Http\Controllers\Procesos\ProcesosController), 'carga', Array)
#6 C:\laragon\www\BACK-CORTES-LECTURAS\LecturasServiceApi\vendor\laravel\lumen-framework\src\Concerns\RoutesRequests.php(280): Laravel\Lumen\Application->callControllerAction(Array)
#7 C:\laragon\www\BACK-CORTES-LECTURAS\LecturasServiceApi\vendor\laravel\lumen-framework\src\Concerns\RoutesRequests.php(265): Laravel\Lumen\Application->callActionOnArrayBasedRoute(Array)
#8 C:\laragon\www\BACK-CORTES-LECTURAS\LecturasServiceApi\vendor\laravel\lumen-framework\src\Concerns\RoutesRequests.php(165): Laravel\Lumen\Application->handleFoundRoute(Array)
#9 [internal function]: Laravel\Lumen\Application->Laravel\Lumen\Concerns\{closure}(Object(Laravel\Lumen\Http\Request))
#10 C:\laragon\www\BACK-CORTES-LECTURAS\LecturasServiceApi\vendor\laravel\lumen-framework\src\Routing\Pipeline.php(52): call_user_func(Object(Closure), Object(Laravel\Lumen\Http\Request))
#11 C:\laragon\www\BACK-CORTES-LECTURAS\LecturasServiceApi\app\Http\Middleware\AuthenticateAccess.php(21): Laravel\Lumen\Routing\Pipeline->Laravel\Lumen\Routing\{closure}(Object(Laravel\Lumen\Http\Request))
#12 C:\laragon\www\BACK-CORTES-LECTURAS\LecturasServiceApi\vendor\illuminate\pipeline\Pipeline.php(151): App\Http\Middleware\AuthenticateAccess->handle(Object(Laravel\Lumen\Http\Request), Object(Closure))
#13 [internal function]: Illuminate\Pipeline\Pipeline->Illuminate\Pipeline\{closure}(Object(Laravel\Lumen\Http\Request))
#14 C:\laragon\www\BACK-CORTES-LECTURAS\LecturasServiceApi\vendor\laravel\lumen-framework\src\Routing\Pipeline.php(32): call_user_func(Object(Closure), Object(Laravel\Lumen\Http\Request))
#15 C:\laragon\www\BACK-CORTES-LECTURAS\LecturasServiceApi\vendor\illuminate\pipeline\Pipeline.php(104): Laravel\Lumen\Routing\Pipeline->Laravel\Lumen\Routing\{closure}(Object(Laravel\Lumen\Http\Request))
#16 C:\laragon\www\BACK-CORTES-LECTURAS\LecturasServiceApi\vendor\laravel\lumen-framework\src\Concerns\RoutesRequests.php(415): Illuminate\Pipeline\Pipeline->then(Object(Closure))
#17 C:\laragon\www\BACK-CORTES-LECTURAS\LecturasServiceApi\vendor\laravel\lumen-framework\src\Concerns\RoutesRequests.php(171): Laravel\Lumen\Application->sendThroughPipeline(Array, Object(Closure))
#18 C:\laragon\www\BACK-CORTES-LECTURAS\LecturasServiceApi\vendor\laravel\lumen-framework\src\Concerns\RoutesRequests.php(108): Laravel\Lumen\Application->dispatch(NULL)
#19 C:\laragon\www\BACK-CORTES-LECTURAS\LecturasServiceApi\public\index.php(28): Laravel\Lumen\Application->run()
#20 {main} {"exception":"[object] (UnexpectedValueException(code: 0): The Response content must be a string or object implementing __toString(), \"object\" given. at C:\\laragon\\www\\BACK-CORTES-LECTURAS\\LecturasServiceApi\\vendor\\symfony\\http-foundation\\Response.php:401)
[stacktrace]
#0 C:\\laragon\\www\\BACK-CORTES-LECTURAS\\LecturasServiceApi\\vendor\\illuminate\\http\\Response.php(45): Symfony\\Component\\HttpFoundation\\Response->setContent(Object(stdClass))
#1 C:\\laragon\\www\\BACK-CORTES-LECTURAS\\LecturasServiceApi\\vendor\\symfony\\http-foundation\\Response.php(202): Illuminate\\Http\\Response->setContent(Object(stdClass))
#2 C:\\laragon\\www\\BACK-CORTES-LECTURAS\\LecturasServiceApi\\vendor\\laravel\\lumen-framework\\src\\Concerns\\RoutesRequests.php(438): Symfony\\Component\\HttpFoundation\\Response->__construct(Object(stdClass))
#3 C:\\laragon\\www\\BACK-CORTES-LECTURAS\\LecturasServiceApi\\vendor\\laravel\\lumen-framework\\src\\Concerns\\RoutesRequests.php(378): Laravel\\Lumen\\Application->prepareResponse(Object(stdClass))
#4 C:\\laragon\\www\\BACK-CORTES-LECTURAS\\LecturasServiceApi\\vendor\\laravel\\lumen-framework\\src\\Concerns\\RoutesRequests.php(344): Laravel\\Lumen\\Application->callControllerCallable(Array, Array)
#5 C:\\laragon\\www\\BACK-CORTES-LECTURAS\\LecturasServiceApi\\vendor\\laravel\\lumen-framework\\src\\Concerns\\RoutesRequests.php(318): Laravel\\Lumen\\Application->callLumenController(Object(App\\Http\\Controllers\\Procesos\\ProcesosController), 'carga', Array)
#6 C:\\laragon\\www\\BACK-CORTES-LECTURAS\\LecturasServiceApi\\vendor\\laravel\\lumen-framework\\src\\Concerns\\RoutesRequests.php(280): Laravel\\Lumen\\Application->callControllerAction(Array)
#7 C:\\laragon\\www\\BACK-CORTES-LECTURAS\\LecturasServiceApi\\vendor\\laravel\\lumen-framework\\src\\Concerns\\RoutesRequests.php(265): Laravel\\Lumen\\Application->callActionOnArrayBasedRoute(Array)
#8 C:\\laragon\\www\\BACK-CORTES-LECTURAS\\LecturasServiceApi\\vendor\\laravel\\lumen-framework\\src\\Concerns\\RoutesRequests.php(165): Laravel\\Lumen\\Application->handleFoundRoute(Array)
#9 [internal function]: Laravel\\Lumen\\Application->Laravel\\Lumen\\Concerns\\{closure}(Object(Laravel\\Lumen\\Http\\Request))
#10 C:\\laragon\\www\\BACK-CORTES-LECTURAS\\LecturasServiceApi\\vendor\\laravel\\lumen-framework\\src\\Routing\\Pipeline.php(52): call_user_func(Object(Closure), Object(Laravel\\Lumen\\Http\\Request))
#11 C:\\laragon\\www\\BACK-CORTES-LECTURAS\\LecturasServiceApi\\app\\Http\\Middleware\\AuthenticateAccess.php(21): Laravel\\Lumen\\Routing\\Pipeline->Laravel\\Lumen\\Routing\\{closure}(Object(Laravel\\Lumen\\Http\\Request))
#12 C:\\laragon\\www\\BACK-CORTES-LECTURAS\\LecturasServiceApi\\vendor\\illuminate\\pipeline\\Pipeline.php(151): App\\Http\\Middleware\\AuthenticateAccess->handle(Object(Laravel\\Lumen\\Http\\Request), Object(Closure))
#13 [internal function]: Illuminate\\Pipeline\\Pipeline->Illuminate\\Pipeline\\{closure}(Object(Laravel\\Lumen\\Http\\Request))
#14 C:\\laragon\\www\\BACK-CORTES-LECTURAS\\LecturasServiceApi\\vendor\\laravel\\lumen-framework\\src\\Routing\\Pipeline.php(32): call_user_func(Object(Closure), Object(Laravel\\Lumen\\Http\\Request))
#15 C:\\laragon\\www\\BACK-CORTES-LECTURAS\\LecturasServiceApi\\vendor\\illuminate\\pipeline\\Pipeline.php(104): Laravel\\Lumen\\Routing\\Pipeline->Laravel\\Lumen\\Routing\\{closure}(Object(Laravel\\Lumen\\Http\\Request))
#16 C:\\laragon\\www\\BACK-CORTES-LECTURAS\\LecturasServiceApi\\vendor\\laravel\\lumen-framework\\src\\Concerns\\RoutesRequests.php(415): Illuminate\\Pipeline\\Pipeline->then(Object(Closure))
#17 C:\\laragon\\www\\BACK-CORTES-LECTURAS\\LecturasServiceApi\\vendor\\laravel\\lumen-framework\\src\\Concerns\\RoutesRequests.php(171): Laravel\\Lumen\\Application->sendThroughPipeline(Array, Object(Closure))
#18 C:\\laragon\\www\\BACK-CORTES-LECTURAS\\LecturasServiceApi\\vendor\\laravel\\lumen-framework\\src\\Concerns\\RoutesRequests.php(108): Laravel\\Lumen\\Application->dispatch(NULL)
#19 C:\\laragon\\www\\BACK-CORTES-LECTURAS\\LecturasServiceApi\\public\\index.php(28): Laravel\\Lumen\\Application->run()
#20 {main}
"} 
[2019-03-21 03:56:30] local.ERROR: Symfony\Component\Debug\Exception\FatalThrowableError: syntax error, unexpected 'return' (T_RETURN) in C:\laragon\www\BACK-CORTES-LECTURAS\LecturasServiceApi\app\Http\Controllers\Procesos\ProcesosController.php:31
Stack trace:
#0 C:\laragon\www\BACK-CORTES-LECTURAS\LecturasServiceApi\vendor\composer\ClassLoader.php(322): Composer\Autoload\includeFile('C:\\laragon\\www\\...')
#1 [internal function]: Composer\Autoload\ClassLoader->loadClass('App\\Http\\Contro...')
#2 [internal function]: spl_autoload_call('App\\Http\\Contro...')
#3 C:\laragon\www\BACK-CORTES-LECTURAS\LecturasServiceApi\vendor\illuminate\container\Container.php(779): ReflectionClass->__construct('App\\Http\\Contro...')
#4 C:\laragon\www\BACK-CORTES-LECTURAS\LecturasServiceApi\vendor\illuminate\container\Container.php(658): Illuminate\Container\Container->build('App\\Http\\Contro...')
#5 C:\laragon\www\BACK-CORTES-LECTURAS\LecturasServiceApi\vendor\illuminate\container\Container.php(609): Illuminate\Container\Container->resolve('App\\Http\\Contro...', Array)
#6 C:\laragon\www\BACK-CORTES-LECTURAS\LecturasServiceApi\vendor\laravel\lumen-framework\src\Application.php(260): Illuminate\Container\Container->make('App\\Http\\Contro...', Array)
#7 C:\laragon\www\BACK-CORTES-LECTURAS\LecturasServiceApi\vendor\laravel\lumen-framework\src\Concerns\RoutesRequests.php(313): Laravel\Lumen\Application->make('App\\Http\\Contro...')
#8 C:\laragon\www\BACK-CORTES-LECTURAS\LecturasServiceApi\vendor\laravel\lumen-framework\src\Concerns\RoutesRequests.php(280): Laravel\Lumen\Application->callControllerAction(Array)
#9 C:\laragon\www\BACK-CORTES-LECTURAS\LecturasServiceApi\vendor\laravel\lumen-framework\src\Concerns\RoutesRequests.php(265): Laravel\Lumen\Application->callActionOnArrayBasedRoute(Array)
#10 C:\laragon\www\BACK-CORTES-LECTURAS\LecturasServiceApi\vendor\laravel\lumen-framework\src\Concerns\RoutesRequests.php(165): Laravel\Lumen\Application->handleFoundRoute(Array)
#11 [internal function]: Laravel\Lumen\Application->Laravel\Lumen\Concerns\{closure}(Object(Laravel\Lumen\Http\Request))
#12 C:\laragon\www\BACK-CORTES-LECTURAS\LecturasServiceApi\vendor\laravel\lumen-framework\src\Routing\Pipeline.php(52): call_user_func(Object(Closure), Object(Laravel\Lumen\Http\Request))
#13 C:\laragon\www\BACK-CORTES-LECTURAS\LecturasServiceApi\app\Http\Middleware\AuthenticateAccess.php(21): Laravel\Lumen\Routing\Pipeline->Laravel\Lumen\Routing\{closure}(Object(Laravel\Lumen\Http\Request))
#14 C:\laragon\www\BACK-CORTES-LECTURAS\LecturasServiceApi\vendor\illuminate\pipeline\Pipeline.php(151): App\Http\Middleware\AuthenticateAccess->handle(Object(Laravel\Lumen\Http\Request), Object(Closure))
#15 [internal function]: Illuminate\Pipeline\Pipeline->Illuminate\Pipeline\{closure}(Object(Laravel\Lumen\Http\Request))
#16 C:\laragon\www\BACK-CORTES-LECTURAS\LecturasServiceApi\vendor\laravel\lumen-framework\src\Routing\Pipeline.php(32): call_user_func(Object(Closure), Object(Laravel\Lumen\Http\Request))
#17 C:\laragon\www\BACK-CORTES-LECTURAS\LecturasServiceApi\vendor\illuminate\pipeline\Pipeline.php(104): Laravel\Lumen\Routing\Pipeline->Laravel\Lumen\Routing\{closure}(Object(Laravel\Lumen\Http\Request))
#18 C:\laragon\www\BACK-CORTES-LECTURAS\LecturasServiceApi\vendor\laravel\lumen-framework\src\Concerns\RoutesRequests.php(415): Illuminate\Pipeline\Pipeline->then(Object(Closure))
#19 C:\laragon\www\BACK-CORTES-LECTURAS\LecturasServiceApi\vendor\laravel\lumen-framework\src\Concerns\RoutesRequests.php(171): Laravel\Lumen\Application->sendThroughPipeline(Array, Object(Closure))
#20 C:\laragon\www\BACK-CORTES-LECTURAS\LecturasServiceApi\vendor\laravel\lumen-framework\src\Concerns\RoutesRequests.php(108): Laravel\Lumen\Application->dispatch(NULL)
#21 C:\laragon\www\BACK-CORTES-LECTURAS\LecturasServiceApi\public\index.php(28): Laravel\Lumen\Application->run()
#22 {main} {"exception":"[object] (Symfony\\Component\\Debug\\Exception\\FatalThrowableError(code: 0): syntax error, unexpected 'return' (T_RETURN) at C:\\laragon\\www\\BACK-CORTES-LECTURAS\\LecturasServiceApi\\app\\Http\\Controllers\\Procesos\\ProcesosController.php:31)
[stacktrace]
#0 C:\\laragon\\www\\BACK-CORTES-LECTURAS\\LecturasServiceApi\\vendor\\composer\\ClassLoader.php(322): Composer\\Autoload\\includeFile('C:\\\\laragon\\\\www\\\\...')
#1 [internal function]: Composer\\Autoload\\ClassLoader->loadClass('App\\\\Http\\\\Contro...')
#2 [internal function]: spl_autoload_call('App\\\\Http\\\\Contro...')
#3 C:\\laragon\\www\\BACK-CORTES-LECTURAS\\LecturasServiceApi\\vendor\\illuminate\\container\\Container.php(779): ReflectionClass->__construct('App\\\\Http\\\\Contro...')
#4 C:\\laragon\\www\\BACK-CORTES-LECTURAS\\LecturasServiceApi\\vendor\\illuminate\\container\\Container.php(658): Illuminate\\Container\\Container->build('App\\\\Http\\\\Contro...')
#5 C:\\laragon\\www\\BACK-CORTES-LECTURAS\\LecturasServiceApi\\vendor\\illuminate\\container\\Container.php(609): Illuminate\\Container\\Container->resolve('App\\\\Http\\\\Contro...', Array)
#6 C:\\laragon\\www\\BACK-CORTES-LECTURAS\\LecturasServiceApi\\vendor\\laravel\\lumen-framework\\src\\Application.php(260): Illuminate\\Container\\Container->make('App\\\\Http\\\\Contro...', Array)
#7 C:\\laragon\\www\\BACK-CORTES-LECTURAS\\LecturasServiceApi\\vendor\\laravel\\lumen-framework\\src\\Concerns\\RoutesRequests.php(313): Laravel\\Lumen\\Application->make('App\\\\Http\\\\Contro...')
#8 C:\\laragon\\www\\BACK-CORTES-LECTURAS\\LecturasServiceApi\\vendor\\laravel\\lumen-framework\\src\\Concerns\\RoutesRequests.php(280): Laravel\\Lumen\\Application->callControllerAction(Array)
#9 C:\\laragon\\www\\BACK-CORTES-LECTURAS\\LecturasServiceApi\\vendor\\laravel\\lumen-framework\\src\\Concerns\\RoutesRequests.php(265): Laravel\\Lumen\\Application->callActionOnArrayBasedRoute(Array)
#10 C:\\laragon\\www\\BACK-CORTES-LECTURAS\\LecturasServiceApi\\vendor\\laravel\\lumen-framework\\src\\Concerns\\RoutesRequests.php(165): Laravel\\Lumen\\Application->handleFoundRoute(Array)
#11 [internal function]: Laravel\\Lumen\\Application->Laravel\\Lumen\\Concerns\\{closure}(Object(Laravel\\Lumen\\Http\\Request))
#12 C:\\laragon\\www\\BACK-CORTES-LECTURAS\\LecturasServiceApi\\vendor\\laravel\\lumen-framework\\src\\Routing\\Pipeline.php(52): call_user_func(Object(Closure), Object(Laravel\\Lumen\\Http\\Request))
#13 C:\\laragon\\www\\BACK-CORTES-LECTURAS\\LecturasServiceApi\\app\\Http\\Middleware\\AuthenticateAccess.php(21): Laravel\\Lumen\\Routing\\Pipeline->Laravel\\Lumen\\Routing\\{closure}(Object(Laravel\\Lumen\\Http\\Request))
#14 C:\\laragon\\www\\BACK-CORTES-LECTURAS\\LecturasServiceApi\\vendor\\illuminate\\pipeline\\Pipeline.php(151): App\\Http\\Middleware\\AuthenticateAccess->handle(Object(Laravel\\Lumen\\Http\\Request), Object(Closure))
#15 [internal function]: Illuminate\\Pipeline\\Pipeline->Illuminate\\Pipeline\\{closure}(Object(Laravel\\Lumen\\Http\\Request))
#16 C:\\laragon\\www\\BACK-CORTES-LECTURAS\\LecturasServiceApi\\vendor\\laravel\\lumen-framework\\src\\Routing\\Pipeline.php(32): call_user_func(Object(Closure), Object(Laravel\\Lumen\\Http\\Request))
#17 C:\\laragon\\www\\BACK-CORTES-LECTURAS\\LecturasServiceApi\\vendor\\illuminate\\pipeline\\Pipeline.php(104): Laravel\\Lumen\\Routing\\Pipeline->Laravel\\Lumen\\Routing\\{closure}(Object(Laravel\\Lumen\\Http\\Request))
#18 C:\\laragon\\www\\BACK-CORTES-LECTURAS\\LecturasServiceApi\\vendor\\laravel\\lumen-framework\\src\\Concerns\\RoutesRequests.php(415): Illuminate\\Pipeline\\Pipeline->then(Object(Closure))
#19 C:\\laragon\\www\\BACK-CORTES-LECTURAS\\LecturasServiceApi\\vendor\\laravel\\lumen-framework\\src\\Concerns\\RoutesRequests.php(171): Laravel\\Lumen\\Application->sendThroughPipeline(Array, Object(Closure))
#20 C:\\laragon\\www\\BACK-CORTES-LECTURAS\\LecturasServiceApi\\vendor\\laravel\\lumen-framework\\src\\Concerns\\RoutesRequests.php(108): Laravel\\Lumen\\Application->dispatch(NULL)
#21 C:\\laragon\\www\\BACK-CORTES-LECTURAS\\LecturasServiceApi\\public\\index.php(28): Laravel\\Lumen\\Application->run()
#22 {main}
"} 
[2019-03-21 05:16:36] local.ERROR: Symfony\Component\Debug\Exception\FatalThrowableError: syntax error, unexpected '$data' (T_VARIABLE) in C:\laragon\www\BACK-CORTES-LECTURAS\LecturasServiceApi\app\Http\Controllers\Procesos\ProcesosController.php:81
Stack trace:
#0 C:\laragon\www\BACK-CORTES-LECTURAS\LecturasServiceApi\vendor\composer\ClassLoader.php(322): Composer\Autoload\includeFile('C:\\laragon\\www\\...')
#1 [internal function]: Composer\Autoload\ClassLoader->loadClass('App\\Http\\Contro...')
#2 [internal function]: spl_autoload_call('App\\Http\\Contro...')
#3 C:\laragon\www\BACK-CORTES-LECTURAS\LecturasServiceApi\vendor\illuminate\container\Container.php(779): ReflectionClass->__construct('App\\Http\\Contro...')
#4 C:\laragon\www\BACK-CORTES-LECTURAS\LecturasServiceApi\vendor\illuminate\container\Container.php(658): Illuminate\Container\Container->build('App\\Http\\Contro...')
#5 C:\laragon\www\BACK-CORTES-LECTURAS\LecturasServiceApi\vendor\illuminate\container\Container.php(609): Illuminate\Container\Container->resolve('App\\Http\\Contro...', Array)
#6 C:\laragon\www\BACK-CORTES-LECTURAS\LecturasServiceApi\vendor\laravel\lumen-framework\src\Application.php(260): Illuminate\Container\Container->make('App\\Http\\Contro...', Array)
#7 C:\laragon\www\BACK-CORTES-LECTURAS\LecturasServiceApi\vendor\laravel\lumen-framework\src\Concerns\RoutesRequests.php(313): Laravel\Lumen\Application->make('App\\Http\\Contro...')
#8 C:\laragon\www\BACK-CORTES-LECTURAS\LecturasServiceApi\vendor\laravel\lumen-framework\src\Concerns\RoutesRequests.php(280): Laravel\Lumen\Application->callControllerAction(Array)
#9 C:\laragon\www\BACK-CORTES-LECTURAS\LecturasServiceApi\vendor\laravel\lumen-framework\src\Concerns\RoutesRequests.php(265): Laravel\Lumen\Application->callActionOnArrayBasedRoute(Array)
#10 C:\laragon\www\BACK-CORTES-LECTURAS\LecturasServiceApi\vendor\laravel\lumen-framework\src\Concerns\RoutesRequests.php(165): Laravel\Lumen\Application->handleFoundRoute(Array)
#11 [internal function]: Laravel\Lumen\Application->Laravel\Lumen\Concerns\{closure}(Object(Laravel\Lumen\Http\Request))
#12 C:\laragon\www\BACK-CORTES-LECTURAS\LecturasServiceApi\vendor\laravel\lumen-framework\src\Routing\Pipeline.php(52): call_user_func(Object(Closure), Object(Laravel\Lumen\Http\Request))
#13 C:\laragon\www\BACK-CORTES-LECTURAS\LecturasServiceApi\app\Http\Middleware\AuthenticateAccess.php(21): Laravel\Lumen\Routing\Pipeline->Laravel\Lumen\Routing\{closure}(Object(Laravel\Lumen\Http\Request))
#14 C:\laragon\www\BACK-CORTES-LECTURAS\LecturasServiceApi\vendor\illuminate\pipeline\Pipeline.php(151): App\Http\Middleware\AuthenticateAccess->handle(Object(Laravel\Lumen\Http\Request), Object(Closure))
#15 [internal function]: Illuminate\Pipeline\Pipeline->Illuminate\Pipeline\{closure}(Object(Laravel\Lumen\Http\Request))
#16 C:\laragon\www\BACK-CORTES-LECTURAS\LecturasServiceApi\vendor\laravel\lumen-framework\src\Routing\Pipeline.php(32): call_user_func(Object(Closure), Object(Laravel\Lumen\Http\Request))
#17 C:\laragon\www\BACK-CORTES-LECTURAS\LecturasServiceApi\vendor\illuminate\pipeline\Pipeline.php(104): Laravel\Lumen\Routing\Pipeline->Laravel\Lumen\Routing\{closure}(Object(Laravel\Lumen\Http\Request))
#18 C:\laragon\www\BACK-CORTES-LECTURAS\LecturasServiceApi\vendor\laravel\lumen-framework\src\Concerns\RoutesRequests.php(415): Illuminate\Pipeline\Pipeline->then(Object(Closure))
#19 C:\laragon\www\BACK-CORTES-LECTURAS\LecturasServiceApi\vendor\laravel\lumen-framework\src\Concerns\RoutesRequests.php(171): Laravel\Lumen\Application->sendThroughPipeline(Array, Object(Closure))
#20 C:\laragon\www\BACK-CORTES-LECTURAS\LecturasServiceApi\vendor\laravel\lumen-framework\src\Concerns\RoutesRequests.php(108): Laravel\Lumen\Application->dispatch(NULL)
#21 C:\laragon\www\BACK-CORTES-LECTURAS\LecturasServiceApi\public\index.php(28): Laravel\Lumen\Application->run()
#22 {main} {"exception":"[object] (Symfony\\Component\\Debug\\Exception\\FatalThrowableError(code: 0): syntax error, unexpected '$data' (T_VARIABLE) at C:\\laragon\\www\\BACK-CORTES-LECTURAS\\LecturasServiceApi\\app\\Http\\Controllers\\Procesos\\ProcesosController.php:81)
[stacktrace]
#0 C:\\laragon\\www\\BACK-CORTES-LECTURAS\\LecturasServiceApi\\vendor\\composer\\ClassLoader.php(322): Composer\\Autoload\\includeFile('C:\\\\laragon\\\\www\\\\...')
#1 [internal function]: Composer\\Autoload\\ClassLoader->loadClass('App\\\\Http\\\\Contro...')
#2 [internal function]: spl_autoload_call('App\\\\Http\\\\Contro...')
#3 C:\\laragon\\www\\BACK-CORTES-LECTURAS\\LecturasServiceApi\\vendor\\illuminate\\container\\Container.php(779): ReflectionClass->__construct('App\\\\Http\\\\Contro...')
#4 C:\\laragon\\www\\BACK-CORTES-LECTURAS\\LecturasServiceApi\\vendor\\illuminate\\container\\Container.php(658): Illuminate\\Container\\Container->build('App\\\\Http\\\\Contro...')
#5 C:\\laragon\\www\\BACK-CORTES-LECTURAS\\LecturasServiceApi\\vendor\\illuminate\\container\\Container.php(609): Illuminate\\Container\\Container->resolve('App\\\\Http\\\\Contro...', Array)
#6 C:\\laragon\\www\\BACK-CORTES-LECTURAS\\LecturasServiceApi\\vendor\\laravel\\lumen-framework\\src\\Application.php(260): Illuminate\\Container\\Container->make('App\\\\Http\\\\Contro...', Array)
#7 C:\\laragon\\www\\BACK-CORTES-LECTURAS\\LecturasServiceApi\\vendor\\laravel\\lumen-framework\\src\\Concerns\\RoutesRequests.php(313): Laravel\\Lumen\\Application->make('App\\\\Http\\\\Contro...')
#8 C:\\laragon\\www\\BACK-CORTES-LECTURAS\\LecturasServiceApi\\vendor\\laravel\\lumen-framework\\src\\Concerns\\RoutesRequests.php(280): Laravel\\Lumen\\Application->callControllerAction(Array)
#9 C:\\laragon\\www\\BACK-CORTES-LECTURAS\\LecturasServiceApi\\vendor\\laravel\\lumen-framework\\src\\Concerns\\RoutesRequests.php(265): Laravel\\Lumen\\Application->callActionOnArrayBasedRoute(Array)
#10 C:\\laragon\\www\\BACK-CORTES-LECTURAS\\LecturasServiceApi\\vendor\\laravel\\lumen-framework\\src\\Concerns\\RoutesRequests.php(165): Laravel\\Lumen\\Application->handleFoundRoute(Array)
#11 [internal function]: Laravel\\Lumen\\Application->Laravel\\Lumen\\Concerns\\{closure}(Object(Laravel\\Lumen\\Http\\Request))
#12 C:\\laragon\\www\\BACK-CORTES-LECTURAS\\LecturasServiceApi\\vendor\\laravel\\lumen-framework\\src\\Routing\\Pipeline.php(52): call_user_func(Object(Closure), Object(Laravel\\Lumen\\Http\\Request))
#13 C:\\laragon\\www\\BACK-CORTES-LECTURAS\\LecturasServiceApi\\app\\Http\\Middleware\\AuthenticateAccess.php(21): Laravel\\Lumen\\Routing\\Pipeline->Laravel\\Lumen\\Routing\\{closure}(Object(Laravel\\Lumen\\Http\\Request))
#14 C:\\laragon\\www\\BACK-CORTES-LECTURAS\\LecturasServiceApi\\vendor\\illuminate\\pipeline\\Pipeline.php(151): App\\Http\\Middleware\\AuthenticateAccess->handle(Object(Laravel\\Lumen\\Http\\Request), Object(Closure))
#15 [internal function]: Illuminate\\Pipeline\\Pipeline->Illuminate\\Pipeline\\{closure}(Object(Laravel\\Lumen\\Http\\Request))
#16 C:\\laragon\\www\\BACK-CORTES-LECTURAS\\LecturasServiceApi\\vendor\\laravel\\lumen-framework\\src\\Routing\\Pipeline.php(32): call_user_func(Object(Closure), Object(Laravel\\Lumen\\Http\\Request))
#17 C:\\laragon\\www\\BACK-CORTES-LECTURAS\\LecturasServiceApi\\vendor\\illuminate\\pipeline\\Pipeline.php(104): Laravel\\Lumen\\Routing\\Pipeline->Laravel\\Lumen\\Routing\\{closure}(Object(Laravel\\Lumen\\Http\\Request))
#18 C:\\laragon\\www\\BACK-CORTES-LECTURAS\\LecturasServiceApi\\vendor\\laravel\\lumen-framework\\src\\Concerns\\RoutesRequests.php(415): Illuminate\\Pipeline\\Pipeline->then(Object(Closure))
#19 C:\\laragon\\www\\BACK-CORTES-LECTURAS\\LecturasServiceApi\\vendor\\laravel\\lumen-framework\\src\\Concerns\\RoutesRequests.php(171): Laravel\\Lumen\\Application->sendThroughPipeline(Array, Object(Closure))
#20 C:\\laragon\\www\\BACK-CORTES-LECTURAS\\LecturasServiceApi\\vendor\\laravel\\lumen-framework\\src\\Concerns\\RoutesRequests.php(108): Laravel\\Lumen\\Application->dispatch(NULL)
#21 C:\\laragon\\www\\BACK-CORTES-LECTURAS\\LecturasServiceApi\\public\\index.php(28): Laravel\\Lumen\\Application->run()
#22 {main}
"} 
[2019-03-21 05:22:53] local.ERROR: Symfony\Component\Debug\Exception\FatalThrowableError: syntax error, unexpected 'round' (T_STRING), expecting ']' in C:\laragon\www\BACK-CORTES-LECTURAS\LecturasServiceApi\app\Http\Controllers\Procesos\ProcesosController.php:69
Stack trace:
#0 C:\laragon\www\BACK-CORTES-LECTURAS\LecturasServiceApi\vendor\composer\ClassLoader.php(322): Composer\Autoload\includeFile('C:\\laragon\\www\\...')
#1 [internal function]: Composer\Autoload\ClassLoader->loadClass('App\\Http\\Contro...')
#2 [internal function]: spl_autoload_call('App\\Http\\Contro...')
#3 C:\laragon\www\BACK-CORTES-LECTURAS\LecturasServiceApi\vendor\illuminate\container\Container.php(779): ReflectionClass->__construct('App\\Http\\Contro...')
#4 C:\laragon\www\BACK-CORTES-LECTURAS\LecturasServiceApi\vendor\illuminate\container\Container.php(658): Illuminate\Container\Container->build('App\\Http\\Contro...')
#5 C:\laragon\www\BACK-CORTES-LECTURAS\LecturasServiceApi\vendor\illuminate\container\Container.php(609): Illuminate\Container\Container->resolve('App\\Http\\Contro...', Array)
#6 C:\laragon\www\BACK-CORTES-LECTURAS\LecturasServiceApi\vendor\laravel\lumen-framework\src\Application.php(260): Illuminate\Container\Container->make('App\\Http\\Contro...', Array)
#7 C:\laragon\www\BACK-CORTES-LECTURAS\LecturasServiceApi\vendor\laravel\lumen-framework\src\Concerns\RoutesRequests.php(313): Laravel\Lumen\Application->make('App\\Http\\Contro...')
#8 C:\laragon\www\BACK-CORTES-LECTURAS\LecturasServiceApi\vendor\laravel\lumen-framework\src\Concerns\RoutesRequests.php(280): Laravel\Lumen\Application->callControllerAction(Array)
#9 C:\laragon\www\BACK-CORTES-LECTURAS\LecturasServiceApi\vendor\laravel\lumen-framework\src\Concerns\RoutesRequests.php(265): Laravel\Lumen\Application->callActionOnArrayBasedRoute(Array)
#10 C:\laragon\www\BACK-CORTES-LECTURAS\LecturasServiceApi\vendor\laravel\lumen-framework\src\Concerns\RoutesRequests.php(165): Laravel\Lumen\Application->handleFoundRoute(Array)
#11 [internal function]: Laravel\Lumen\Application->Laravel\Lumen\Concerns\{closure}(Object(Laravel\Lumen\Http\Request))
#12 C:\laragon\www\BACK-CORTES-LECTURAS\LecturasServiceApi\vendor\laravel\lumen-framework\src\Routing\Pipeline.php(52): call_user_func(Object(Closure), Object(Laravel\Lumen\Http\Request))
#13 C:\laragon\www\BACK-CORTES-LECTURAS\LecturasServiceApi\app\Http\Middleware\AuthenticateAccess.php(21): Laravel\Lumen\Routing\Pipeline->Laravel\Lumen\Routing\{closure}(Object(Laravel\Lumen\Http\Request))
#14 C:\laragon\www\BACK-CORTES-LECTURAS\LecturasServiceApi\vendor\illuminate\pipeline\Pipeline.php(151): App\Http\Middleware\AuthenticateAccess->handle(Object(Laravel\Lumen\Http\Request), Object(Closure))
#15 [internal function]: Illuminate\Pipeline\Pipeline->Illuminate\Pipeline\{closure}(Object(Laravel\Lumen\Http\Request))
#16 C:\laragon\www\BACK-CORTES-LECTURAS\LecturasServiceApi\vendor\laravel\lumen-framework\src\Routing\Pipeline.php(32): call_user_func(Object(Closure), Object(Laravel\Lumen\Http\Request))
#17 C:\laragon\www\BACK-CORTES-LECTURAS\LecturasServiceApi\vendor\illuminate\pipeline\Pipeline.php(104): Laravel\Lumen\Routing\Pipeline->Laravel\Lumen\Routing\{closure}(Object(Laravel\Lumen\Http\Request))
#18 C:\laragon\www\BACK-CORTES-LECTURAS\LecturasServiceApi\vendor\laravel\lumen-framework\src\Concerns\RoutesRequests.php(415): Illuminate\Pipeline\Pipeline->then(Object(Closure))
#19 C:\laragon\www\BACK-CORTES-LECTURAS\LecturasServiceApi\vendor\laravel\lumen-framework\src\Concerns\RoutesRequests.php(171): Laravel\Lumen\Application->sendThroughPipeline(Array, Object(Closure))
#20 C:\laragon\www\BACK-CORTES-LECTURAS\LecturasServiceApi\vendor\laravel\lumen-framework\src\Concerns\RoutesRequests.php(108): Laravel\Lumen\Application->dispatch(NULL)
#21 C:\laragon\www\BACK-CORTES-LECTURAS\LecturasServiceApi\public\index.php(28): Laravel\Lumen\Application->run()
#22 {main} {"exception":"[object] (Symfony\\Component\\Debug\\Exception\\FatalThrowableError(code: 0): syntax error, unexpected 'round' (T_STRING), expecting ']' at C:\\laragon\\www\\BACK-CORTES-LECTURAS\\LecturasServiceApi\\app\\Http\\Controllers\\Procesos\\ProcesosController.php:69)
[stacktrace]
#0 C:\\laragon\\www\\BACK-CORTES-LECTURAS\\LecturasServiceApi\\vendor\\composer\\ClassLoader.php(322): Composer\\Autoload\\includeFile('C:\\\\laragon\\\\www\\\\...')
#1 [internal function]: Composer\\Autoload\\ClassLoader->loadClass('App\\\\Http\\\\Contro...')
#2 [internal function]: spl_autoload_call('App\\\\Http\\\\Contro...')
#3 C:\\laragon\\www\\BACK-CORTES-LECTURAS\\LecturasServiceApi\\vendor\\illuminate\\container\\Container.php(779): ReflectionClass->__construct('App\\\\Http\\\\Contro...')
#4 C:\\laragon\\www\\BACK-CORTES-LECTURAS\\LecturasServiceApi\\vendor\\illuminate\\container\\Container.php(658): Illuminate\\Container\\Container->build('App\\\\Http\\\\Contro...')
#5 C:\\laragon\\www\\BACK-CORTES-LECTURAS\\LecturasServiceApi\\vendor\\illuminate\\container\\Container.php(609): Illuminate\\Container\\Container->resolve('App\\\\Http\\\\Contro...', Array)
#6 C:\\laragon\\www\\BACK-CORTES-LECTURAS\\LecturasServiceApi\\vendor\\laravel\\lumen-framework\\src\\Application.php(260): Illuminate\\Container\\Container->make('App\\\\Http\\\\Contro...', Array)
#7 C:\\laragon\\www\\BACK-CORTES-LECTURAS\\LecturasServiceApi\\vendor\\laravel\\lumen-framework\\src\\Concerns\\RoutesRequests.php(313): Laravel\\Lumen\\Application->make('App\\\\Http\\\\Contro...')
#8 C:\\laragon\\www\\BACK-CORTES-LECTURAS\\LecturasServiceApi\\vendor\\laravel\\lumen-framework\\src\\Concerns\\RoutesRequests.php(280): Laravel\\Lumen\\Application->callControllerAction(Array)
#9 C:\\laragon\\www\\BACK-CORTES-LECTURAS\\LecturasServiceApi\\vendor\\laravel\\lumen-framework\\src\\Concerns\\RoutesRequests.php(265): Laravel\\Lumen\\Application->callActionOnArrayBasedRoute(Array)
#10 C:\\laragon\\www\\BACK-CORTES-LECTURAS\\LecturasServiceApi\\vendor\\laravel\\lumen-framework\\src\\Concerns\\RoutesRequests.php(165): Laravel\\Lumen\\Application->handleFoundRoute(Array)
#11 [internal function]: Laravel\\Lumen\\Application->Laravel\\Lumen\\Concerns\\{closure}(Object(Laravel\\Lumen\\Http\\Request))
#12 C:\\laragon\\www\\BACK-CORTES-LECTURAS\\LecturasServiceApi\\vendor\\laravel\\lumen-framework\\src\\Routing\\Pipeline.php(52): call_user_func(Object(Closure), Object(Laravel\\Lumen\\Http\\Request))
#13 C:\\laragon\\www\\BACK-CORTES-LECTURAS\\LecturasServiceApi\\app\\Http\\Middleware\\AuthenticateAccess.php(21): Laravel\\Lumen\\Routing\\Pipeline->Laravel\\Lumen\\Routing\\{closure}(Object(Laravel\\Lumen\\Http\\Request))
#14 C:\\laragon\\www\\BACK-CORTES-LECTURAS\\LecturasServiceApi\\vendor\\illuminate\\pipeline\\Pipeline.php(151): App\\Http\\Middleware\\AuthenticateAccess->handle(Object(Laravel\\Lumen\\Http\\Request), Object(Closure))
#15 [internal function]: Illuminate\\Pipeline\\Pipeline->Illuminate\\Pipeline\\{closure}(Object(Laravel\\Lumen\\Http\\Request))
#16 C:\\laragon\\www\\BACK-CORTES-LECTURAS\\LecturasServiceApi\\vendor\\laravel\\lumen-framework\\src\\Routing\\Pipeline.php(32): call_user_func(Object(Closure), Object(Laravel\\Lumen\\Http\\Request))
#17 C:\\laragon\\www\\BACK-CORTES-LECTURAS\\LecturasServiceApi\\vendor\\illuminate\\pipeline\\Pipeline.php(104): Laravel\\Lumen\\Routing\\Pipeline->Laravel\\Lumen\\Routing\\{closure}(Object(Laravel\\Lumen\\Http\\Request))
#18 C:\\laragon\\www\\BACK-CORTES-LECTURAS\\LecturasServiceApi\\vendor\\laravel\\lumen-framework\\src\\Concerns\\RoutesRequests.php(415): Illuminate\\Pipeline\\Pipeline->then(Object(Closure))
#19 C:\\laragon\\www\\BACK-CORTES-LECTURAS\\LecturasServiceApi\\vendor\\laravel\\lumen-framework\\src\\Concerns\\RoutesRequests.php(171): Laravel\\Lumen\\Application->sendThroughPipeline(Array, Object(Closure))
#20 C:\\laragon\\www\\BACK-CORTES-LECTURAS\\LecturasServiceApi\\vendor\\laravel\\lumen-framework\\src\\Concerns\\RoutesRequests.php(108): Laravel\\Lumen\\Application->dispatch(NULL)
#21 C:\\laragon\\www\\BACK-CORTES-LECTURAS\\LecturasServiceApi\\public\\index.php(28): Laravel\\Lumen\\Application->run()
#22 {main}
"} 
