[2019-03-17 22:31:47] local.ERROR: Symfony\Component\Debug\Exception\FatalThrowableError: syntax error, unexpected '}', expecting variable (T_VARIABLE) or '{' or '$' in C:\laragon\www\BACK-CORTES-LECTURAS\LecturasServiceApi\app\Http\Controllers\Procesos\ProcesosController.php:165
Stack trace:
#0 C:\laragon\www\BACK-CORTES-LECTURAS\LecturasServiceApi\vendor\composer\ClassLoader.php(322): Composer\Autoload\includeFile('C:\\laragon\\www\\...')
#1 [internal function]: Composer\Autoload\ClassLoader->loadClass('App\\Http\\Contro...')
#2 [internal function]: spl_autoload_call('App\\Http\\Contro...')
#3 C:\laragon\www\BACK-CORTES-LECTURAS\LecturasServiceApi\vendor\illuminate\container\Container.php(779): ReflectionClass->__construct('App\\Http\\Contro...')
#4 C:\laragon\www\BACK-CORTES-LECTURAS\LecturasServiceApi\vendor\illuminate\container\Container.php(658): Illuminate\Container\Container->build('App\\Http\\Contro...')
#5 C:\laragon\www\BACK-CORTES-LECTURAS\LecturasServiceApi\vendor\illuminate\container\Container.php(609): Illuminate\Container\Container->resolve('App\\Http\\Contro...', Array)
#6 C:\laragon\www\BACK-CORTES-LECTURAS\LecturasServiceApi\vendor\laravel\lumen-framework\src\Application.php(260): Illuminate\Container\Container->make('App\\Http\\Contro...', Array)
#7 C:\laragon\www\BACK-CORTES-LECTURAS\LecturasServiceApi\vendor\laravel\lumen-framework\src\Concerns\RoutesRequests.php(313): Laravel\Lumen\Application->make('App\\Http\\Contro...')
#8 C:\laragon\www\BACK-CORTES-LECTURAS\LecturasServiceApi\vendor\laravel\lumen-framework\src\Concerns\RoutesRequests.php(280): Laravel\Lumen\Application->callControllerAction(Array)
#9 C:\laragon\www\BACK-CORTES-LECTURAS\LecturasServiceApi\vendor\laravel\lumen-framework\src\Concerns\RoutesRequests.php(265): Laravel\Lumen\Application->callActionOnArrayBasedRoute(Array)
#10 C:\laragon\www\BACK-CORTES-LECTURAS\LecturasServiceApi\vendor\laravel\lumen-framework\src\Concerns\RoutesRequests.php(165): Laravel\Lumen\Application->handleFoundRoute(Array)
#11 [internal function]: Laravel\Lumen\Application->Laravel\Lumen\Concerns\{closure}(Object(Laravel\Lumen\Http\Request))
#12 C:\laragon\www\BACK-CORTES-LECTURAS\LecturasServiceApi\vendor\laravel\lumen-framework\src\Routing\Pipeline.php(52): call_user_func(Object(Closure), Object(Laravel\Lumen\Http\Request))
#13 C:\laragon\www\BACK-CORTES-LECTURAS\LecturasServiceApi\app\Http\Middleware\AuthenticateAccess.php(21): Laravel\Lumen\Routing\Pipeline->Laravel\Lumen\Routing\{closure}(Object(Laravel\Lumen\Http\Request))
#14 C:\laragon\www\BACK-CORTES-LECTURAS\LecturasServiceApi\vendor\illuminate\pipeline\Pipeline.php(151): App\Http\Middleware\AuthenticateAccess->handle(Object(Laravel\Lumen\Http\Request), Object(Closure))
#15 [internal function]: Illuminate\Pipeline\Pipeline->Illuminate\Pipeline\{closure}(Object(Laravel\Lumen\Http\Request))
#16 C:\laragon\www\BACK-CORTES-LECTURAS\LecturasServiceApi\vendor\laravel\lumen-framework\src\Routing\Pipeline.php(32): call_user_func(Object(Closure), Object(Laravel\Lumen\Http\Request))
#17 C:\laragon\www\BACK-CORTES-LECTURAS\LecturasServiceApi\vendor\illuminate\pipeline\Pipeline.php(104): Laravel\Lumen\Routing\Pipeline->Laravel\Lumen\Routing\{closure}(Object(Laravel\Lumen\Http\Request))
#18 C:\laragon\www\BACK-CORTES-LECTURAS\LecturasServiceApi\vendor\laravel\lumen-framework\src\Concerns\RoutesRequests.php(415): Illuminate\Pipeline\Pipeline->then(Object(Closure))
#19 C:\laragon\www\BACK-CORTES-LECTURAS\LecturasServiceApi\vendor\laravel\lumen-framework\src\Concerns\RoutesRequests.php(171): Laravel\Lumen\Application->sendThroughPipeline(Array, Object(Closure))
#20 C:\laragon\www\BACK-CORTES-LECTURAS\LecturasServiceApi\vendor\laravel\lumen-framework\src\Concerns\RoutesRequests.php(108): Laravel\Lumen\Application->dispatch(NULL)
#21 C:\laragon\www\BACK-CORTES-LECTURAS\LecturasServiceApi\public\index.php(28): Laravel\Lumen\Application->run()
#22 {main} {"exception":"[object] (Symfony\\Component\\Debug\\Exception\\FatalThrowableError(code: 0): syntax error, unexpected '}', expecting variable (T_VARIABLE) or '{' or '$' at C:\\laragon\\www\\BACK-CORTES-LECTURAS\\LecturasServiceApi\\app\\Http\\Controllers\\Procesos\\ProcesosController.php:165)
[stacktrace]
#0 C:\\laragon\\www\\BACK-CORTES-LECTURAS\\LecturasServiceApi\\vendor\\composer\\ClassLoader.php(322): Composer\\Autoload\\includeFile('C:\\\\laragon\\\\www\\\\...')
#1 [internal function]: Composer\\Autoload\\ClassLoader->loadClass('App\\\\Http\\\\Contro...')
#2 [internal function]: spl_autoload_call('App\\\\Http\\\\Contro...')
#3 C:\\laragon\\www\\BACK-CORTES-LECTURAS\\LecturasServiceApi\\vendor\\illuminate\\container\\Container.php(779): ReflectionClass->__construct('App\\\\Http\\\\Contro...')
#4 C:\\laragon\\www\\BACK-CORTES-LECTURAS\\LecturasServiceApi\\vendor\\illuminate\\container\\Container.php(658): Illuminate\\Container\\Container->build('App\\\\Http\\\\Contro...')
#5 C:\\laragon\\www\\BACK-CORTES-LECTURAS\\LecturasServiceApi\\vendor\\illuminate\\container\\Container.php(609): Illuminate\\Container\\Container->resolve('App\\\\Http\\\\Contro...', Array)
#6 C:\\laragon\\www\\BACK-CORTES-LECTURAS\\LecturasServiceApi\\vendor\\laravel\\lumen-framework\\src\\Application.php(260): Illuminate\\Container\\Container->make('App\\\\Http\\\\Contro...', Array)
#7 C:\\laragon\\www\\BACK-CORTES-LECTURAS\\LecturasServiceApi\\vendor\\laravel\\lumen-framework\\src\\Concerns\\RoutesRequests.php(313): Laravel\\Lumen\\Application->make('App\\\\Http\\\\Contro...')
#8 C:\\laragon\\www\\BACK-CORTES-LECTURAS\\LecturasServiceApi\\vendor\\laravel\\lumen-framework\\src\\Concerns\\RoutesRequests.php(280): Laravel\\Lumen\\Application->callControllerAction(Array)
#9 C:\\laragon\\www\\BACK-CORTES-LECTURAS\\LecturasServiceApi\\vendor\\laravel\\lumen-framework\\src\\Concerns\\RoutesRequests.php(265): Laravel\\Lumen\\Application->callActionOnArrayBasedRoute(Array)
#10 C:\\laragon\\www\\BACK-CORTES-LECTURAS\\LecturasServiceApi\\vendor\\laravel\\lumen-framework\\src\\Concerns\\RoutesRequests.php(165): Laravel\\Lumen\\Application->handleFoundRoute(Array)
#11 [internal function]: Laravel\\Lumen\\Application->Laravel\\Lumen\\Concerns\\{closure}(Object(Laravel\\Lumen\\Http\\Request))
#12 C:\\laragon\\www\\BACK-CORTES-LECTURAS\\LecturasServiceApi\\vendor\\laravel\\lumen-framework\\src\\Routing\\Pipeline.php(52): call_user_func(Object(Closure), Object(Laravel\\Lumen\\Http\\Request))
#13 C:\\laragon\\www\\BACK-CORTES-LECTURAS\\LecturasServiceApi\\app\\Http\\Middleware\\AuthenticateAccess.php(21): Laravel\\Lumen\\Routing\\Pipeline->Laravel\\Lumen\\Routing\\{closure}(Object(Laravel\\Lumen\\Http\\Request))
#14 C:\\laragon\\www\\BACK-CORTES-LECTURAS\\LecturasServiceApi\\vendor\\illuminate\\pipeline\\Pipeline.php(151): App\\Http\\Middleware\\AuthenticateAccess->handle(Object(Laravel\\Lumen\\Http\\Request), Object(Closure))
#15 [internal function]: Illuminate\\Pipeline\\Pipeline->Illuminate\\Pipeline\\{closure}(Object(Laravel\\Lumen\\Http\\Request))
#16 C:\\laragon\\www\\BACK-CORTES-LECTURAS\\LecturasServiceApi\\vendor\\laravel\\lumen-framework\\src\\Routing\\Pipeline.php(32): call_user_func(Object(Closure), Object(Laravel\\Lumen\\Http\\Request))
#17 C:\\laragon\\www\\BACK-CORTES-LECTURAS\\LecturasServiceApi\\vendor\\illuminate\\pipeline\\Pipeline.php(104): Laravel\\Lumen\\Routing\\Pipeline->Laravel\\Lumen\\Routing\\{closure}(Object(Laravel\\Lumen\\Http\\Request))
#18 C:\\laragon\\www\\BACK-CORTES-LECTURAS\\LecturasServiceApi\\vendor\\laravel\\lumen-framework\\src\\Concerns\\RoutesRequests.php(415): Illuminate\\Pipeline\\Pipeline->then(Object(Closure))
#19 C:\\laragon\\www\\BACK-CORTES-LECTURAS\\LecturasServiceApi\\vendor\\laravel\\lumen-framework\\src\\Concerns\\RoutesRequests.php(171): Laravel\\Lumen\\Application->sendThroughPipeline(Array, Object(Closure))
#20 C:\\laragon\\www\\BACK-CORTES-LECTURAS\\LecturasServiceApi\\vendor\\laravel\\lumen-framework\\src\\Concerns\\RoutesRequests.php(108): Laravel\\Lumen\\Application->dispatch(NULL)
#21 C:\\laragon\\www\\BACK-CORTES-LECTURAS\\LecturasServiceApi\\public\\index.php(28): Laravel\\Lumen\\Application->run()
#22 {main}
"} 
[2019-03-17 23:27:38] local.ERROR: Symfony\Component\Debug\Exception\FatalThrowableError: syntax error, unexpected '{', expecting ']' in C:\laragon\www\BACK-CORTES-LECTURAS\LecturasServiceApi\app\Http\Controllers\Procesos\ProcesosController.php:192
Stack trace:
#0 C:\laragon\www\BACK-CORTES-LECTURAS\LecturasServiceApi\vendor\composer\ClassLoader.php(322): Composer\Autoload\includeFile('C:\\laragon\\www\\...')
#1 [internal function]: Composer\Autoload\ClassLoader->loadClass('App\\Http\\Contro...')
#2 [internal function]: spl_autoload_call('App\\Http\\Contro...')
#3 C:\laragon\www\BACK-CORTES-LECTURAS\LecturasServiceApi\vendor\illuminate\container\Container.php(779): ReflectionClass->__construct('App\\Http\\Contro...')
#4 C:\laragon\www\BACK-CORTES-LECTURAS\LecturasServiceApi\vendor\illuminate\container\Container.php(658): Illuminate\Container\Container->build('App\\Http\\Contro...')
#5 C:\laragon\www\BACK-CORTES-LECTURAS\LecturasServiceApi\vendor\illuminate\container\Container.php(609): Illuminate\Container\Container->resolve('App\\Http\\Contro...', Array)
#6 C:\laragon\www\BACK-CORTES-LECTURAS\LecturasServiceApi\vendor\laravel\lumen-framework\src\Application.php(260): Illuminate\Container\Container->make('App\\Http\\Contro...', Array)
#7 C:\laragon\www\BACK-CORTES-LECTURAS\LecturasServiceApi\vendor\laravel\lumen-framework\src\Concerns\RoutesRequests.php(313): Laravel\Lumen\Application->make('App\\Http\\Contro...')
#8 C:\laragon\www\BACK-CORTES-LECTURAS\LecturasServiceApi\vendor\laravel\lumen-framework\src\Concerns\RoutesRequests.php(280): Laravel\Lumen\Application->callControllerAction(Array)
#9 C:\laragon\www\BACK-CORTES-LECTURAS\LecturasServiceApi\vendor\laravel\lumen-framework\src\Concerns\RoutesRequests.php(265): Laravel\Lumen\Application->callActionOnArrayBasedRoute(Array)
#10 C:\laragon\www\BACK-CORTES-LECTURAS\LecturasServiceApi\vendor\laravel\lumen-framework\src\Concerns\RoutesRequests.php(165): Laravel\Lumen\Application->handleFoundRoute(Array)
#11 [internal function]: Laravel\Lumen\Application->Laravel\Lumen\Concerns\{closure}(Object(Laravel\Lumen\Http\Request))
#12 C:\laragon\www\BACK-CORTES-LECTURAS\LecturasServiceApi\vendor\laravel\lumen-framework\src\Routing\Pipeline.php(52): call_user_func(Object(Closure), Object(Laravel\Lumen\Http\Request))
#13 C:\laragon\www\BACK-CORTES-LECTURAS\LecturasServiceApi\app\Http\Middleware\AuthenticateAccess.php(21): Laravel\Lumen\Routing\Pipeline->Laravel\Lumen\Routing\{closure}(Object(Laravel\Lumen\Http\Request))
#14 C:\laragon\www\BACK-CORTES-LECTURAS\LecturasServiceApi\vendor\illuminate\pipeline\Pipeline.php(151): App\Http\Middleware\AuthenticateAccess->handle(Object(Laravel\Lumen\Http\Request), Object(Closure))
#15 [internal function]: Illuminate\Pipeline\Pipeline->Illuminate\Pipeline\{closure}(Object(Laravel\Lumen\Http\Request))
#16 C:\laragon\www\BACK-CORTES-LECTURAS\LecturasServiceApi\vendor\laravel\lumen-framework\src\Routing\Pipeline.php(32): call_user_func(Object(Closure), Object(Laravel\Lumen\Http\Request))
#17 C:\laragon\www\BACK-CORTES-LECTURAS\LecturasServiceApi\vendor\illuminate\pipeline\Pipeline.php(104): Laravel\Lumen\Routing\Pipeline->Laravel\Lumen\Routing\{closure}(Object(Laravel\Lumen\Http\Request))
#18 C:\laragon\www\BACK-CORTES-LECTURAS\LecturasServiceApi\vendor\laravel\lumen-framework\src\Concerns\RoutesRequests.php(415): Illuminate\Pipeline\Pipeline->then(Object(Closure))
#19 C:\laragon\www\BACK-CORTES-LECTURAS\LecturasServiceApi\vendor\laravel\lumen-framework\src\Concerns\RoutesRequests.php(171): Laravel\Lumen\Application->sendThroughPipeline(Array, Object(Closure))
#20 C:\laragon\www\BACK-CORTES-LECTURAS\LecturasServiceApi\vendor\laravel\lumen-framework\src\Concerns\RoutesRequests.php(108): Laravel\Lumen\Application->dispatch(NULL)
#21 C:\laragon\www\BACK-CORTES-LECTURAS\LecturasServiceApi\public\index.php(28): Laravel\Lumen\Application->run()
#22 {main} {"exception":"[object] (Symfony\\Component\\Debug\\Exception\\FatalThrowableError(code: 0): syntax error, unexpected '{', expecting ']' at C:\\laragon\\www\\BACK-CORTES-LECTURAS\\LecturasServiceApi\\app\\Http\\Controllers\\Procesos\\ProcesosController.php:192)
[stacktrace]
#0 C:\\laragon\\www\\BACK-CORTES-LECTURAS\\LecturasServiceApi\\vendor\\composer\\ClassLoader.php(322): Composer\\Autoload\\includeFile('C:\\\\laragon\\\\www\\\\...')
#1 [internal function]: Composer\\Autoload\\ClassLoader->loadClass('App\\\\Http\\\\Contro...')
#2 [internal function]: spl_autoload_call('App\\\\Http\\\\Contro...')
#3 C:\\laragon\\www\\BACK-CORTES-LECTURAS\\LecturasServiceApi\\vendor\\illuminate\\container\\Container.php(779): ReflectionClass->__construct('App\\\\Http\\\\Contro...')
#4 C:\\laragon\\www\\BACK-CORTES-LECTURAS\\LecturasServiceApi\\vendor\\illuminate\\container\\Container.php(658): Illuminate\\Container\\Container->build('App\\\\Http\\\\Contro...')
#5 C:\\laragon\\www\\BACK-CORTES-LECTURAS\\LecturasServiceApi\\vendor\\illuminate\\container\\Container.php(609): Illuminate\\Container\\Container->resolve('App\\\\Http\\\\Contro...', Array)
#6 C:\\laragon\\www\\BACK-CORTES-LECTURAS\\LecturasServiceApi\\vendor\\laravel\\lumen-framework\\src\\Application.php(260): Illuminate\\Container\\Container->make('App\\\\Http\\\\Contro...', Array)
#7 C:\\laragon\\www\\BACK-CORTES-LECTURAS\\LecturasServiceApi\\vendor\\laravel\\lumen-framework\\src\\Concerns\\RoutesRequests.php(313): Laravel\\Lumen\\Application->make('App\\\\Http\\\\Contro...')
#8 C:\\laragon\\www\\BACK-CORTES-LECTURAS\\LecturasServiceApi\\vendor\\laravel\\lumen-framework\\src\\Concerns\\RoutesRequests.php(280): Laravel\\Lumen\\Application->callControllerAction(Array)
#9 C:\\laragon\\www\\BACK-CORTES-LECTURAS\\LecturasServiceApi\\vendor\\laravel\\lumen-framework\\src\\Concerns\\RoutesRequests.php(265): Laravel\\Lumen\\Application->callActionOnArrayBasedRoute(Array)
#10 C:\\laragon\\www\\BACK-CORTES-LECTURAS\\LecturasServiceApi\\vendor\\laravel\\lumen-framework\\src\\Concerns\\RoutesRequests.php(165): Laravel\\Lumen\\Application->handleFoundRoute(Array)
#11 [internal function]: Laravel\\Lumen\\Application->Laravel\\Lumen\\Concerns\\{closure}(Object(Laravel\\Lumen\\Http\\Request))
#12 C:\\laragon\\www\\BACK-CORTES-LECTURAS\\LecturasServiceApi\\vendor\\laravel\\lumen-framework\\src\\Routing\\Pipeline.php(52): call_user_func(Object(Closure), Object(Laravel\\Lumen\\Http\\Request))
#13 C:\\laragon\\www\\BACK-CORTES-LECTURAS\\LecturasServiceApi\\app\\Http\\Middleware\\AuthenticateAccess.php(21): Laravel\\Lumen\\Routing\\Pipeline->Laravel\\Lumen\\Routing\\{closure}(Object(Laravel\\Lumen\\Http\\Request))
#14 C:\\laragon\\www\\BACK-CORTES-LECTURAS\\LecturasServiceApi\\vendor\\illuminate\\pipeline\\Pipeline.php(151): App\\Http\\Middleware\\AuthenticateAccess->handle(Object(Laravel\\Lumen\\Http\\Request), Object(Closure))
#15 [internal function]: Illuminate\\Pipeline\\Pipeline->Illuminate\\Pipeline\\{closure}(Object(Laravel\\Lumen\\Http\\Request))
#16 C:\\laragon\\www\\BACK-CORTES-LECTURAS\\LecturasServiceApi\\vendor\\laravel\\lumen-framework\\src\\Routing\\Pipeline.php(32): call_user_func(Object(Closure), Object(Laravel\\Lumen\\Http\\Request))
#17 C:\\laragon\\www\\BACK-CORTES-LECTURAS\\LecturasServiceApi\\vendor\\illuminate\\pipeline\\Pipeline.php(104): Laravel\\Lumen\\Routing\\Pipeline->Laravel\\Lumen\\Routing\\{closure}(Object(Laravel\\Lumen\\Http\\Request))
#18 C:\\laragon\\www\\BACK-CORTES-LECTURAS\\LecturasServiceApi\\vendor\\laravel\\lumen-framework\\src\\Concerns\\RoutesRequests.php(415): Illuminate\\Pipeline\\Pipeline->then(Object(Closure))
#19 C:\\laragon\\www\\BACK-CORTES-LECTURAS\\LecturasServiceApi\\vendor\\laravel\\lumen-framework\\src\\Concerns\\RoutesRequests.php(171): Laravel\\Lumen\\Application->sendThroughPipeline(Array, Object(Closure))
#20 C:\\laragon\\www\\BACK-CORTES-LECTURAS\\LecturasServiceApi\\vendor\\laravel\\lumen-framework\\src\\Concerns\\RoutesRequests.php(108): Laravel\\Lumen\\Application->dispatch(NULL)
#21 C:\\laragon\\www\\BACK-CORTES-LECTURAS\\LecturasServiceApi\\public\\index.php(28): Laravel\\Lumen\\Application->run()
#22 {main}
"} 
[2019-03-17 23:28:11] local.ERROR: Symfony\Component\Debug\Exception\FatalThrowableError: syntax error, unexpected '{', expecting ']' in C:\laragon\www\BACK-CORTES-LECTURAS\LecturasServiceApi\app\Http\Controllers\Procesos\ProcesosController.php:192
Stack trace:
#0 C:\laragon\www\BACK-CORTES-LECTURAS\LecturasServiceApi\vendor\composer\ClassLoader.php(322): Composer\Autoload\includeFile('C:\\laragon\\www\\...')
#1 [internal function]: Composer\Autoload\ClassLoader->loadClass('App\\Http\\Contro...')
#2 [internal function]: spl_autoload_call('App\\Http\\Contro...')
#3 C:\laragon\www\BACK-CORTES-LECTURAS\LecturasServiceApi\vendor\illuminate\container\Container.php(779): ReflectionClass->__construct('App\\Http\\Contro...')
#4 C:\laragon\www\BACK-CORTES-LECTURAS\LecturasServiceApi\vendor\illuminate\container\Container.php(658): Illuminate\Container\Container->build('App\\Http\\Contro...')
#5 C:\laragon\www\BACK-CORTES-LECTURAS\LecturasServiceApi\vendor\illuminate\container\Container.php(609): Illuminate\Container\Container->resolve('App\\Http\\Contro...', Array)
#6 C:\laragon\www\BACK-CORTES-LECTURAS\LecturasServiceApi\vendor\laravel\lumen-framework\src\Application.php(260): Illuminate\Container\Container->make('App\\Http\\Contro...', Array)
#7 C:\laragon\www\BACK-CORTES-LECTURAS\LecturasServiceApi\vendor\laravel\lumen-framework\src\Concerns\RoutesRequests.php(313): Laravel\Lumen\Application->make('App\\Http\\Contro...')
#8 C:\laragon\www\BACK-CORTES-LECTURAS\LecturasServiceApi\vendor\laravel\lumen-framework\src\Concerns\RoutesRequests.php(280): Laravel\Lumen\Application->callControllerAction(Array)
#9 C:\laragon\www\BACK-CORTES-LECTURAS\LecturasServiceApi\vendor\laravel\lumen-framework\src\Concerns\RoutesRequests.php(265): Laravel\Lumen\Application->callActionOnArrayBasedRoute(Array)
#10 C:\laragon\www\BACK-CORTES-LECTURAS\LecturasServiceApi\vendor\laravel\lumen-framework\src\Concerns\RoutesRequests.php(165): Laravel\Lumen\Application->handleFoundRoute(Array)
#11 [internal function]: Laravel\Lumen\Application->Laravel\Lumen\Concerns\{closure}(Object(Laravel\Lumen\Http\Request))
#12 C:\laragon\www\BACK-CORTES-LECTURAS\LecturasServiceApi\vendor\laravel\lumen-framework\src\Routing\Pipeline.php(52): call_user_func(Object(Closure), Object(Laravel\Lumen\Http\Request))
#13 C:\laragon\www\BACK-CORTES-LECTURAS\LecturasServiceApi\app\Http\Middleware\AuthenticateAccess.php(21): Laravel\Lumen\Routing\Pipeline->Laravel\Lumen\Routing\{closure}(Object(Laravel\Lumen\Http\Request))
#14 C:\laragon\www\BACK-CORTES-LECTURAS\LecturasServiceApi\vendor\illuminate\pipeline\Pipeline.php(151): App\Http\Middleware\AuthenticateAccess->handle(Object(Laravel\Lumen\Http\Request), Object(Closure))
#15 [internal function]: Illuminate\Pipeline\Pipeline->Illuminate\Pipeline\{closure}(Object(Laravel\Lumen\Http\Request))
#16 C:\laragon\www\BACK-CORTES-LECTURAS\LecturasServiceApi\vendor\laravel\lumen-framework\src\Routing\Pipeline.php(32): call_user_func(Object(Closure), Object(Laravel\Lumen\Http\Request))
#17 C:\laragon\www\BACK-CORTES-LECTURAS\LecturasServiceApi\vendor\illuminate\pipeline\Pipeline.php(104): Laravel\Lumen\Routing\Pipeline->Laravel\Lumen\Routing\{closure}(Object(Laravel\Lumen\Http\Request))
#18 C:\laragon\www\BACK-CORTES-LECTURAS\LecturasServiceApi\vendor\laravel\lumen-framework\src\Concerns\RoutesRequests.php(415): Illuminate\Pipeline\Pipeline->then(Object(Closure))
#19 C:\laragon\www\BACK-CORTES-LECTURAS\LecturasServiceApi\vendor\laravel\lumen-framework\src\Concerns\RoutesRequests.php(171): Laravel\Lumen\Application->sendThroughPipeline(Array, Object(Closure))
#20 C:\laragon\www\BACK-CORTES-LECTURAS\LecturasServiceApi\vendor\laravel\lumen-framework\src\Concerns\RoutesRequests.php(108): Laravel\Lumen\Application->dispatch(NULL)
#21 C:\laragon\www\BACK-CORTES-LECTURAS\LecturasServiceApi\public\index.php(28): Laravel\Lumen\Application->run()
#22 {main} {"exception":"[object] (Symfony\\Component\\Debug\\Exception\\FatalThrowableError(code: 0): syntax error, unexpected '{', expecting ']' at C:\\laragon\\www\\BACK-CORTES-LECTURAS\\LecturasServiceApi\\app\\Http\\Controllers\\Procesos\\ProcesosController.php:192)
[stacktrace]
#0 C:\\laragon\\www\\BACK-CORTES-LECTURAS\\LecturasServiceApi\\vendor\\composer\\ClassLoader.php(322): Composer\\Autoload\\includeFile('C:\\\\laragon\\\\www\\\\...')
#1 [internal function]: Composer\\Autoload\\ClassLoader->loadClass('App\\\\Http\\\\Contro...')
#2 [internal function]: spl_autoload_call('App\\\\Http\\\\Contro...')
#3 C:\\laragon\\www\\BACK-CORTES-LECTURAS\\LecturasServiceApi\\vendor\\illuminate\\container\\Container.php(779): ReflectionClass->__construct('App\\\\Http\\\\Contro...')
#4 C:\\laragon\\www\\BACK-CORTES-LECTURAS\\LecturasServiceApi\\vendor\\illuminate\\container\\Container.php(658): Illuminate\\Container\\Container->build('App\\\\Http\\\\Contro...')
#5 C:\\laragon\\www\\BACK-CORTES-LECTURAS\\LecturasServiceApi\\vendor\\illuminate\\container\\Container.php(609): Illuminate\\Container\\Container->resolve('App\\\\Http\\\\Contro...', Array)
#6 C:\\laragon\\www\\BACK-CORTES-LECTURAS\\LecturasServiceApi\\vendor\\laravel\\lumen-framework\\src\\Application.php(260): Illuminate\\Container\\Container->make('App\\\\Http\\\\Contro...', Array)
#7 C:\\laragon\\www\\BACK-CORTES-LECTURAS\\LecturasServiceApi\\vendor\\laravel\\lumen-framework\\src\\Concerns\\RoutesRequests.php(313): Laravel\\Lumen\\Application->make('App\\\\Http\\\\Contro...')
#8 C:\\laragon\\www\\BACK-CORTES-LECTURAS\\LecturasServiceApi\\vendor\\laravel\\lumen-framework\\src\\Concerns\\RoutesRequests.php(280): Laravel\\Lumen\\Application->callControllerAction(Array)
#9 C:\\laragon\\www\\BACK-CORTES-LECTURAS\\LecturasServiceApi\\vendor\\laravel\\lumen-framework\\src\\Concerns\\RoutesRequests.php(265): Laravel\\Lumen\\Application->callActionOnArrayBasedRoute(Array)
#10 C:\\laragon\\www\\BACK-CORTES-LECTURAS\\LecturasServiceApi\\vendor\\laravel\\lumen-framework\\src\\Concerns\\RoutesRequests.php(165): Laravel\\Lumen\\Application->handleFoundRoute(Array)
#11 [internal function]: Laravel\\Lumen\\Application->Laravel\\Lumen\\Concerns\\{closure}(Object(Laravel\\Lumen\\Http\\Request))
#12 C:\\laragon\\www\\BACK-CORTES-LECTURAS\\LecturasServiceApi\\vendor\\laravel\\lumen-framework\\src\\Routing\\Pipeline.php(52): call_user_func(Object(Closure), Object(Laravel\\Lumen\\Http\\Request))
#13 C:\\laragon\\www\\BACK-CORTES-LECTURAS\\LecturasServiceApi\\app\\Http\\Middleware\\AuthenticateAccess.php(21): Laravel\\Lumen\\Routing\\Pipeline->Laravel\\Lumen\\Routing\\{closure}(Object(Laravel\\Lumen\\Http\\Request))
#14 C:\\laragon\\www\\BACK-CORTES-LECTURAS\\LecturasServiceApi\\vendor\\illuminate\\pipeline\\Pipeline.php(151): App\\Http\\Middleware\\AuthenticateAccess->handle(Object(Laravel\\Lumen\\Http\\Request), Object(Closure))
#15 [internal function]: Illuminate\\Pipeline\\Pipeline->Illuminate\\Pipeline\\{closure}(Object(Laravel\\Lumen\\Http\\Request))
#16 C:\\laragon\\www\\BACK-CORTES-LECTURAS\\LecturasServiceApi\\vendor\\laravel\\lumen-framework\\src\\Routing\\Pipeline.php(32): call_user_func(Object(Closure), Object(Laravel\\Lumen\\Http\\Request))
#17 C:\\laragon\\www\\BACK-CORTES-LECTURAS\\LecturasServiceApi\\vendor\\illuminate\\pipeline\\Pipeline.php(104): Laravel\\Lumen\\Routing\\Pipeline->Laravel\\Lumen\\Routing\\{closure}(Object(Laravel\\Lumen\\Http\\Request))
#18 C:\\laragon\\www\\BACK-CORTES-LECTURAS\\LecturasServiceApi\\vendor\\laravel\\lumen-framework\\src\\Concerns\\RoutesRequests.php(415): Illuminate\\Pipeline\\Pipeline->then(Object(Closure))
#19 C:\\laragon\\www\\BACK-CORTES-LECTURAS\\LecturasServiceApi\\vendor\\laravel\\lumen-framework\\src\\Concerns\\RoutesRequests.php(171): Laravel\\Lumen\\Application->sendThroughPipeline(Array, Object(Closure))
#20 C:\\laragon\\www\\BACK-CORTES-LECTURAS\\LecturasServiceApi\\vendor\\laravel\\lumen-framework\\src\\Concerns\\RoutesRequests.php(108): Laravel\\Lumen\\Application->dispatch(NULL)
#21 C:\\laragon\\www\\BACK-CORTES-LECTURAS\\LecturasServiceApi\\public\\index.php(28): Laravel\\Lumen\\Application->run()
#22 {main}
"} 
