[2019-03-19 16:37:30] local.ERROR: Symfony\Component\Console\Exception\CommandNotFoundException: Command "make:controller" is not defined.

Did you mean one of these?
    make:migration
    make:seeder in C:\laragon\www\BACK-CORTES-LECTURAS\LecturasServiceApi\vendor\symfony\console\Application.php:632
Stack trace:
#0 C:\laragon\www\BACK-CORTES-LECTURAS\LecturasServiceApi\vendor\symfony\console\Application.php(226): Symfony\Component\Console\Application->find('make:controller')
#1 C:\laragon\www\BACK-CORTES-LECTURAS\LecturasServiceApi\vendor\symfony\console\Application.php(145): Symfony\Component\Console\Application->doRun(Object(Symfony\Component\Console\Input\ArgvInput), Object(Symfony\Component\Console\Output\ConsoleOutput))
#2 C:\laragon\www\BACK-CORTES-LECTURAS\LecturasServiceApi\vendor\illuminate\console\Application.php(89): Symfony\Component\Console\Application->run(Object(Symfony\Component\Console\Input\ArgvInput), Object(Symfony\Component\Console\Output\ConsoleOutput))
#3 C:\laragon\www\BACK-CORTES-LECTURAS\LecturasServiceApi\vendor\laravel\lumen-framework\src\Console\Kernel.php(115): Illuminate\Console\Application->run(Object(Symfony\Component\Console\Input\ArgvInput), Object(Symfony\Component\Console\Output\ConsoleOutput))
#4 C:\laragon\www\BACK-CORTES-LECTURAS\LecturasServiceApi\artisan(35): Laravel\Lumen\Console\Kernel->handle(Object(Symfony\Component\Console\Input\ArgvInput), Object(Symfony\Component\Console\Output\ConsoleOutput))
#5 {main} {"exception":"[object] (Symfony\\Component\\Console\\Exception\\CommandNotFoundException(code: 0): Command \"make:controller\" is not defined.

Did you mean one of these?
    make:migration
    make:seeder at C:\\laragon\\www\\BACK-CORTES-LECTURAS\\LecturasServiceApi\\vendor\\symfony\\console\\Application.php:632)
[stacktrace]
#0 C:\\laragon\\www\\BACK-CORTES-LECTURAS\\LecturasServiceApi\\vendor\\symfony\\console\\Application.php(226): Symfony\\Component\\Console\\Application->find('make:controller')
#1 C:\\laragon\\www\\BACK-CORTES-LECTURAS\\LecturasServiceApi\\vendor\\symfony\\console\\Application.php(145): Symfony\\Component\\Console\\Application->doRun(Object(Symfony\\Component\\Console\\Input\\ArgvInput), Object(Symfony\\Component\\Console\\Output\\ConsoleOutput))
#2 C:\\laragon\\www\\BACK-CORTES-LECTURAS\\LecturasServiceApi\\vendor\\illuminate\\console\\Application.php(89): Symfony\\Component\\Console\\Application->run(Object(Symfony\\Component\\Console\\Input\\ArgvInput), Object(Symfony\\Component\\Console\\Output\\ConsoleOutput))
#3 C:\\laragon\\www\\BACK-CORTES-LECTURAS\\LecturasServiceApi\\vendor\\laravel\\lumen-framework\\src\\Console\\Kernel.php(115): Illuminate\\Console\\Application->run(Object(Symfony\\Component\\Console\\Input\\ArgvInput), Object(Symfony\\Component\\Console\\Output\\ConsoleOutput))
#4 C:\\laragon\\www\\BACK-CORTES-LECTURAS\\LecturasServiceApi\\artisan(35): Laravel\\Lumen\\Console\\Kernel->handle(Object(Symfony\\Component\\Console\\Input\\ArgvInput), Object(Symfony\\Component\\Console\\Output\\ConsoleOutput))
#5 {main}
"} 
